{"meta": {"format": 3, "version": "7.13.0", "timestamp": "2026-02-18T23:41:54.085702", "branch_coverage": false, "show_contexts": false}, "files": {"apps\\__init__.py": {"executed_lines": [0], "summary": {"covered_lines": 0, "num_statements": 0, "percent_covered": 100.0, "percent_covered_display": "100", "missing_lines": 0, "excluded_lines": 0, "percent_statements_covered": 100.0, "percent_statements_covered_display": "100"}, "missing_lines": [], "excluded_lines": [], "functions": {"": {"executed_lines": [], "summary": {"covered_lines": 0, "num_statements": 0, "percent_covered": 100.0, "percent_covered_display": "100", "missing_lines": 0, "excluded_lines": 0, "percent_statements_covered": 100.0, "percent_statements_covered_display": "100"}, "missing_lines": [], "excluded_lines": []}}, "classes": {"": {"executed_lines": [], "summary": {"covered_lines": 0, "num_statements": 0, "percent_covered": 100.0, "percent_covered_display": "100", "missing_lines": 0, "excluded_lines": 0, "percent_statements_covered": 100.0, "percent_statements_covered_display": "100"}, "missing_lines": [], "excluded_lines": []}}}, "apps\\admin\\__init__.py": {"executed_lines": [], "summary": {"covered_lines": 0, "num_statements": 0, "percent_covered": 100.0, "percent_covered_display": "100", "missing_lines": 0, "excluded_lines": 0, "percent_statements_covered": 100.0, "percent_statements_covered_display": "100"}, "missing_lines": [], "excluded_lines": [], "functions": {"": {"executed_lines": [], "summary": {"covered_lines": 0, "num_statements": 0, "percent_covered": 100.0, "percent_covered_display": "100", "missing_lines": 0, "excluded_lines": 0, "percent_statements_covered": 100.0, "percent_statements_covered_display": "100"}, "missing_lines": [], "excluded_lines": []}}, "classes": {"": {"executed_lines": [], "summary": {"covered_lines": 0, "num_statements": 0, "percent_covered": 100.0, "percent_covered_display": "100", "missing_lines": 0, "excluded_lines": 0, "percent_statements_covered": 100.0, "percent_statements_covered_display": "100"}, "missing_lines": [], "excluded_lines": []}}}, "apps\\admin\\apps.py": {"executed_lines": [], "summary": {"covered_lines": 0, "num_statements": 5, "percent_covered": 0.0, "percent_covered_display": "0", "missing_lines": 5, "excluded_lines": 0, "percent_statements_covered": 0.0, "percent_statements_covered_display": "0"}, "missing_lines": [4, 7, 8, 9, 10], "excluded_lines": [], "functions": {"": {"executed_lines": [], "summary": {"covered_lines": 0, "num_statements": 5, "percent_covered": 0.0, "percent_covered_display": "0", "missing_lines": 5, "excluded_lines": 0, "percent_statements_covered": 0.0, "percent_statements_covered_display": "0"}, "missing_lines": [4, 7, 8, 9, 10], "excluded_lines": []}}, "classes": {"AdminConfig": {"executed_lines": [], "summary": {"covered_lines": 0, "num_statements": 0, "percent_covered": 100.0, "percent_covered_display": "100", "missing_lines": 0, "excluded_lines": 0, "percent_statements_covered": 100.0, "percent_statements_covered_display": "100"}, "missing_lines": [], "excluded_lines": []}, "": {"executed_lines": [], "summary": {"covered_lines": 0, "num_statements": 5, "percent_covered": 0.0, "percent_covered_display": "0", "missing_lines": 5, "excluded_lines": 0, "percent_statements_covered": 0.0, "percent_statements_covered_display": "0"}, "missing_lines": [4, 7, 8, 9, 10], "excluded_lines": []}}}, "apps\\admin\\audit_alert_service.py": {"executed_lines": [], "summary": {"covered_lines": 0, "num_statements": 96, "percent_covered": 0.0, "percent_covered_display": "0", "missing_lines": 96, "excluded_lines": 0, "percent_statements_covered": 0.0, "percent_statements_covered_display": "0"}, "missing_lines": [10, 11, 12, 13, 15, 18, 21, 22, 38, 39, 40, 42, 43, 44, 46, 48, 49, 50, 53, 55, 62, 63, 64, 70, 76, 78, 79, 80, 82, 83, 90, 140, 141, 145, 146, 149, 150, 154, 155, 158, 159, 163, 164, 166, 182, 184, 185, 187, 188, 189, 191, 200, 201, 202, 203, 204, 205, 206, 207, 208, 210, 212, 214, 215, 217, 223, 225, 226, 242, 243, 244, 245, 251, 252, 254, 255, 257, 258, 261, 262, 263, 265, 266, 267, 269, 270, 271, 274, 275, 280, 286, 287, 294, 296, 297, 298], "excluded_lines": [], "functions": {"AuditAlertService.send_suspicious_pattern_alert": {"executed_lines": [], "summary": {"covered_lines": 0, "num_statements": 20, "percent_covered": 0.0, "percent_covered_display": "0", "missing_lines": 20, "excluded_lines": 0, "percent_statements_covered": 0.0, "percent_statements_covered_display": "0"}, "missing_lines": [38, 39, 40, 42, 43, 44, 46, 48, 49, 50, 53, 55, 62, 63, 64, 70, 76, 78, 79, 80], "excluded_lines": []}, "AuditAlertService._build_alert_email_html": {"executed_lines": [], "summary": {"covered_lines": 0, "num_statements": 15, "percent_covered": 0.0, "percent_covered_display": "0", "missing_lines": 15, "excluded_lines": 0, "percent_statements_covered": 0.0, "percent_statements_covered_display": "0"}, "missing_lines": [90, 140, 141, 145, 146, 149, 150, 154, 155, 158, 159, 163, 164, 166, 182], "excluded_lines": []}, "AuditAlertService._format_pattern_html": {"executed_lines": [], "summary": {"covered_lines": 0, "num_statements": 15, "percent_covered": 0.0, "percent_covered_display": "0", "missing_lines": 15, "excluded_lines": 0, "percent_statements_covered": 0.0, "percent_statements_covered_display": "0"}, "missing_lines": [187, 188, 189, 191, 200, 201, 202, 203, 204, 205, 206, 207, 208, 210, 212], "excluded_lines": []}, "AuditAlertService._format_pattern_type": {"executed_lines": [], "summary": {"covered_lines": 0, "num_statements": 2, "percent_covered": 0.0, "percent_covered_display": "0", "missing_lines": 2, "excluded_lines": 0, "percent_statements_covered": 0.0, "percent_statements_covered_display": "0"}, "missing_lines": [217, 223], "excluded_lines": []}, "AuditAlertService.check_and_alert": {"executed_lines": [], "summary": {"covered_lines": 0, "num_statements": 28, "percent_covered": 0.0, "percent_covered_display": "0", "missing_lines": 28, "excluded_lines": 0, "percent_statements_covered": 0.0, "percent_statements_covered_display": "0"}, "missing_lines": [242, 243, 244, 245, 251, 252, 254, 255, 257, 258, 261, 262, 263, 265, 266, 267, 269, 270, 271, 274, 275, 280, 286, 287, 294, 296, 297, 298], "excluded_lines": []}, "": {"executed_lines": [], "summary": {"covered_lines": 0, "num_statements": 16, "percent_covered": 0.0, "percent_covered_display": "0", "missing_lines": 16, "excluded_lines": 0, "percent_statements_covered": 0.0, "percent_statements_covered_display": "0"}, "missing_lines": [10, 11, 12, 13, 15, 18, 21, 22, 82, 83, 184, 185, 214, 215, 225, 226], "excluded_lines": []}}, "classes": {"AuditAlertService": {"executed_lines": [], "summary": {"covered_lines": 0, "num_statements": 80, "percent_covered": 0.0, "percent_covered_display": "0", "missing_lines": 80, "excluded_lines": 0, "percent_statements_covered": 0.0, "percent_statements_covered_display": "0"}, "missing_lines": [38, 39, 40, 42, 43, 44, 46, 48, 49, 50, 53, 55, 62, 63, 64, 70, 76, 78, 79, 80, 90, 140, 141, 145, 146, 149, 150, 154, 155, 158, 159, 163, 164, 166, 182, 187, 188, 189, 191, 200, 201, 202, 203, 204, 205, 206, 207, 208, 210, 212, 217, 223, 242, 243, 244, 245, 251, 252, 254, 255, 257, 258, 261, 262, 263, 265, 266, 267, 269, 270, 271, 274, 275, 280, 286, 287, 294, 296, 297, 298], "excluded_lines": []}, "": {"executed_lines": [], "summary": {"covered_lines": 0, "num_statements": 16, "percent_covered": 0.0, "percent_covered_display": "0", "missing_lines": 16, "excluded_lines": 0, "percent_statements_covered": 0.0, "percent_statements_covered_display": "0"}, "missing_lines": [10, 11, 12, 13, 15, 18, 21, 22, 82, 83, 184, 185, 214, 215, 225, 226], "excluded_lines": []}}}, "apps\\admin\\audit_log_service.py": {"executed_lines": [], "summary": {"covered_lines": 0, "num_statements": 120, "percent_covered": 0.0, "percent_covered_display": "0", "missing_lines": 120, "excluded_lines": 0, "percent_statements_covered": 0.0, "percent_statements_covered_display": "0"}, "missing_lines": [15, 16, 17, 18, 19, 20, 22, 25, 28, 29, 57, 58, 60, 63, 74, 76, 78, 80, 85, 98, 99, 101, 104, 108, 109, 116, 127, 128, 136, 137, 138, 140, 151, 152, 159, 170, 171, 178, 189, 190, 197, 208, 209, 216, 229, 230, 240, 241, 242, 244, 255, 256, 266, 267, 268, 269, 271, 282, 283, 292, 293, 295, 306, 307, 316, 317, 319, 332, 333, 343, 344, 345, 346, 348, 358, 359, 369, 370, 371, 373, 384, 385, 393, 394, 396, 408, 409, 417, 428, 429, 437, 448, 449, 457, 458, 460, 473, 474, 482, 493, 494, 502, 513, 514, 522, 523, 525, 536, 537, 545, 546, 548, 560, 562, 563, 564, 566, 567, 570, 572], "excluded_lines": [], "functions": {"AuditLogService.log_event": {"executed_lines": [], "summary": {"covered_lines": 0, "num_statements": 13, "percent_covered": 0.0, "percent_covered_display": "0", "missing_lines": 13, "excluded_lines": 0, "percent_statements_covered": 0.0, "percent_statements_covered_display": "0"}, "missing_lines": [57, 58, 60, 63, 74, 76, 78, 80, 85, 98, 99, 101, 104], "excluded_lines": []}, "AuditLogService.log_login_success": {"executed_lines": [], "summary": {"covered_lines": 0, "num_statements": 1, "percent_covered": 0.0, "percent_covered_display": "0", "missing_lines": 1, "excluded_lines": 0, "percent_statements_covered": 0.0, "percent_statements_covered_display": "0"}, "missing_lines": [116], "excluded_lines": []}, "AuditLogService.log_login_failed": {"executed_lines": [], "summary": {"covered_lines": 0, "num_statements": 4, "percent_covered": 0.0, "percent_covered_display": "0", "missing_lines": 4, "excluded_lines": 0, "percent_statements_covered": 0.0, "percent_statements_covered_display": "0"}, "missing_lines": [136, 137, 138, 140], "excluded_lines": []}, "AuditLogService.log_logout": {"executed_lines": [], "summary": {"covered_lines": 0, "num_statements": 1, "percent_covered": 0.0, "percent_covered_display": "0", "missing_lines": 1, "excluded_lines": 0, "percent_statements_covered": 0.0, "percent_statements_covered_display": "0"}, "missing_lines": [159], "excluded_lines": []}, "AuditLogService.log_password_change": {"executed_lines": [], "summary": {"covered_lines": 0, "num_statements": 1, "percent_covered": 0.0, "percent_covered_display": "0", "missing_lines": 1, "excluded_lines": 0, "percent_statements_covered": 0.0, "percent_statements_covered_display": "0"}, "missing_lines": [178], "excluded_lines": []}, "AuditLogService.log_2fa_enabled": {"executed_lines": [], "summary": {"covered_lines": 0, "num_statements": 1, "percent_covered": 0.0, "percent_covered_display": "0", "missing_lines": 1, "excluded_lines": 0, "percent_statements_covered": 0.0, "percent_statements_covered_display": "0"}, "missing_lines": [197], "excluded_lines": []}, "AuditLogService.log_2fa_disabled": {"executed_lines": [], "summary": {"covered_lines": 0, "num_statements": 1, "percent_covered": 0.0, "percent_covered_display": "0", "missing_lines": 1, "excluded_lines": 0, "percent_statements_covered": 0.0, "percent_statements_covered_display": "0"}, "missing_lines": [216], "excluded_lines": []}, "AuditLogService.log_content_takedown": {"executed_lines": [], "summary": {"covered_lines": 0, "num_statements": 4, "percent_covered": 0.0, "percent_covered_display": "0", "missing_lines": 4, "excluded_lines": 0, "percent_statements_covered": 0.0, "percent_statements_covered_display": "0"}, "missing_lines": [240, 241, 242, 244], "excluded_lines": []}, "AuditLogService.log_user_suspension": {"executed_lines": [], "summary": {"covered_lines": 0, "num_statements": 5, "percent_covered": 0.0, "percent_covered_display": "0", "missing_lines": 5, "excluded_lines": 0, "percent_statements_covered": 0.0, "percent_statements_covered_display": "0"}, "missing_lines": [266, 267, 268, 269, 271], "excluded_lines": []}, "AuditLogService.log_report_resolution": {"executed_lines": [], "summary": {"covered_lines": 0, "num_statements": 3, "percent_covered": 0.0, "percent_covered_display": "0", "missing_lines": 3, "excluded_lines": 0, "percent_statements_covered": 0.0, "percent_statements_covered_display": "0"}, "missing_lines": [292, 293, 295], "excluded_lines": []}, "AuditLogService.log_role_assignment": {"executed_lines": [], "summary": {"covered_lines": 0, "num_statements": 3, "percent_covered": 0.0, "percent_covered_display": "0", "missing_lines": 3, "excluded_lines": 0, "percent_statements_covered": 0.0, "percent_statements_covered_display": "0"}, "missing_lines": [316, 317, 319], "excluded_lines": []}, "AuditLogService.log_config_change": {"executed_lines": [], "summary": {"covered_lines": 0, "num_statements": 5, "percent_covered": 0.0, "percent_covered_display": "0", "missing_lines": 5, "excluded_lines": 0, "percent_statements_covered": 0.0, "percent_statements_covered_display": "0"}, "missing_lines": [343, 344, 345, 346, 348], "excluded_lines": []}, "AuditLogService.log_user_role_change": {"executed_lines": [], "summary": {"covered_lines": 0, "num_statements": 4, "percent_covered": 0.0, "percent_covered_display": "0", "missing_lines": 4, "excluded_lines": 0, "percent_statements_covered": 0.0, "percent_statements_covered_display": "0"}, "missing_lines": [369, 370, 371, 373], "excluded_lines": []}, "AuditLogService.log_system_settings_update": {"executed_lines": [], "summary": {"covered_lines": 0, "num_statements": 3, "percent_covered": 0.0, "percent_covered_display": "0", "missing_lines": 3, "excluded_lines": 0, "percent_statements_covered": 0.0, "percent_statements_covered_display": "0"}, "missing_lines": [393, 394, 396], "excluded_lines": []}, "AuditLogService.log_data_export_request": {"executed_lines": [], "summary": {"covered_lines": 0, "num_statements": 1, "percent_covered": 0.0, "percent_covered_display": "0", "missing_lines": 1, "excluded_lines": 0, "percent_statements_covered": 0.0, "percent_statements_covered_display": "0"}, "missing_lines": [417], "excluded_lines": []}, "AuditLogService.log_account_deletion_request": {"executed_lines": [], "summary": {"covered_lines": 0, "num_statements": 1, "percent_covered": 0.0, "percent_covered_display": "0", "missing_lines": 1, "excluded_lines": 0, "percent_statements_covered": 0.0, "percent_statements_covered_display": "0"}, "missing_lines": [437], "excluded_lines": []}, "AuditLogService.log_privacy_settings_change": {"executed_lines": [], "summary": {"covered_lines": 0, "num_statements": 3, "percent_covered": 0.0, "percent_covered_display": "0", "missing_lines": 3, "excluded_lines": 0, "percent_statements_covered": 0.0, "percent_statements_covered_display": "0"}, "missing_lines": [457, 458, 460], "excluded_lines": []}, "AuditLogService.log_api_key_created": {"executed_lines": [], "summary": {"covered_lines": 0, "num_statements": 1, "percent_covered": 0.0, "percent_covered_display": "0", "missing_lines": 1, "excluded_lines": 0, "percent_statements_covered": 0.0, "percent_statements_covered_display": "0"}, "missing_lines": [482], "excluded_lines": []}, "AuditLogService.log_api_key_revoked": {"executed_lines": [], "summary": {"covered_lines": 0, "num_statements": 1, "percent_covered": 0.0, "percent_covered_display": "0", "missing_lines": 1, "excluded_lines": 0, "percent_statements_covered": 0.0, "percent_statements_covered_display": "0"}, "missing_lines": [502], "excluded_lines": []}, "AuditLogService.log_consent_recorded": {"executed_lines": [], "summary": {"covered_lines": 0, "num_statements": 3, "percent_covered": 0.0, "percent_covered_display": "0", "missing_lines": 3, "excluded_lines": 0, "percent_statements_covered": 0.0, "percent_statements_covered_display": "0"}, "missing_lines": [522, 523, 525], "excluded_lines": []}, "AuditLogService.log_consent_withdrawn": {"executed_lines": [], "summary": {"covered_lines": 0, "num_statements": 3, "percent_covered": 0.0, "percent_covered_display": "0", "missing_lines": 3, "excluded_lines": 0, "percent_statements_covered": 0.0, "percent_statements_covered_display": "0"}, "missing_lines": [545, 546, 548], "excluded_lines": []}, "get_client_ip": {"executed_lines": [], "summary": {"covered_lines": 0, "num_statements": 5, "percent_covered": 0.0, "percent_covered_display": "0", "missing_lines": 5, "excluded_lines": 0, "percent_statements_covered": 0.0, "percent_statements_covered_display": "0"}, "missing_lines": [562, 563, 564, 566, 567], "excluded_lines": []}, "get_user_agent": {"executed_lines": [], "summary": {"covered_lines": 0, "num_statements": 1, "percent_covered": 0.0, "percent_covered_display": "0", "missing_lines": 1, "excluded_lines": 0, "percent_statements_covered": 0.0, "percent_statements_covered_display": "0"}, "missing_lines": [572], "excluded_lines": []}, "": {"executed_lines": [], "summary": {"covered_lines": 0, "num_statements": 52, "percent_covered": 0.0, "percent_covered_display": "0", "missing_lines": 52, "excluded_lines": 0, "percent_statements_covered": 0.0, "percent_statements_covered_display": "0"}, "missing_lines": [15, 16, 17, 18, 19, 20, 22, 25, 28, 29, 108, 109, 127, 128, 151, 152, 170, 171, 189, 190, 208, 209, 229, 230, 255, 256, 282, 283, 306, 307, 332, 333, 358, 359, 384, 385, 408, 409, 428, 429, 448, 449, 473, 474, 493, 494, 513, 514, 536, 537, 560, 570], "excluded_lines": []}}, "classes": {"AuditLogService": {"executed_lines": [], "summary": {"covered_lines": 0, "num_statements": 62, "percent_covered": 0.0, "percent_covered_display": "0", "missing_lines": 62, "excluded_lines": 0, "percent_statements_covered": 0.0, "percent_statements_covered_display": "0"}, "missing_lines": [57, 58, 60, 63, 74, 76, 78, 80, 85, 98, 99, 101, 104, 116, 136, 137, 138, 140, 159, 178, 197, 216, 240, 241, 242, 244, 266, 267, 268, 269, 271, 292, 293, 295, 316, 317, 319, 343, 344, 345, 346, 348, 369, 370, 371, 373, 393, 394, 396, 417, 437, 457, 458, 460, 482, 502, 522, 523, 525, 545, 546, 548], "excluded_lines": []}, "": {"executed_lines": [], "summary": {"covered_lines": 0, "num_statements": 58, "percent_covered": 0.0, "percent_covered_display": "0", "missing_lines": 58, "excluded_lines": 0, "percent_statements_covered": 0.0, "percent_statements_covered_display": "0"}, "missing_lines": [15, 16, 17, 18, 19, 20, 22, 25, 28, 29, 108, 109, 127, 128, 151, 152, 170, 171, 189, 190, 208, 209, 229, 230, 255, 256, 282, 283, 306, 307, 332, 333, 358, 359, 384, 385, 408, 409, 428, 429, 448, 449, 473, 474, 493, 494, 513, 514, 536, 537, 560, 562, 563, 564, 566, 567, 570, 572], "excluded_lines": []}}}, "apps\\admin\\audit_log_views.py": {"executed_lines": [], "summary": {"covered_lines": 0, "num_statements": 174, "percent_covered": 0.0, "percent_covered_display": "0", "missing_lines": 174, "excluded_lines": 0, "percent_statements_covered": 0.0, "percent_statements_covered_display": "0"}, "missing_lines": [11, 12, 13, 14, 15, 16, 17, 18, 19, 20, 21, 23, 26, 28, 32, 33, 36, 37, 38, 39, 61, 63, 64, 65, 66, 67, 68, 69, 70, 71, 74, 76, 77, 79, 80, 81, 82, 83, 87, 88, 89, 90, 91, 95, 96, 98, 99, 100, 101, 102, 107, 108, 109, 110, 111, 112, 113, 116, 117, 119, 121, 124, 125, 128, 136, 137, 138, 151, 164, 166, 167, 168, 171, 172, 173, 178, 179, 180, 181, 195, 196, 197, 199, 200, 202, 203, 206, 207, 208, 211, 212, 213, 216, 217, 218, 220, 230, 232, 233, 234, 239, 245, 248, 257, 258, 259, 260, 261, 262, 265, 266, 267, 281, 282, 283, 284, 285, 286, 289, 290, 291, 304, 307, 315, 318, 327, 328, 329, 330, 331, 334, 335, 336, 337, 351, 367, 368, 369, 370, 371, 374, 375, 376, 377, 378, 391, 394, 400, 403, 412, 413, 414, 415, 416, 419, 420, 421, 434, 438, 439, 440, 441, 456, 457, 458, 460, 461, 463, 464, 469, 471, 478, 479, 480], "excluded_lines": [], "functions": {"require_admin": {"executed_lines": [], "summary": {"covered_lines": 0, "num_statements": 2, "percent_covered": 0.0, "percent_covered_display": "0", "missing_lines": 2, "excluded_lines": 0, "percent_statements_covered": 0.0, "percent_statements_covered_display": "0"}, "missing_lines": [28, 33], "excluded_lines": []}, "require_admin.wrapper": {"executed_lines": [], "summary": {"covered_lines": 0, "num_statements": 1, "percent_covered": 0.0, "percent_covered_display": "0", "missing_lines": 1, "excluded_lines": 0, "percent_statements_covered": 0.0, "percent_statements_covered_display": "0"}, "missing_lines": [32], "excluded_lines": []}, "get_audit_logs": {"executed_lines": [], "summary": {"covered_lines": 0, "num_statements": 55, "percent_covered": 0.0, "percent_covered_display": "0", "missing_lines": 55, "excluded_lines": 0, "percent_statements_covered": 0.0, "percent_statements_covered_display": "0"}, "missing_lines": [61, 63, 64, 65, 66, 67, 68, 69, 70, 71, 74, 76, 77, 79, 80, 81, 82, 83, 87, 88, 89, 90, 91, 95, 96, 98, 99, 100, 101, 102, 107, 108, 109, 110, 111, 112, 113, 116, 117, 119, 121, 124, 125, 128, 136, 137, 138, 151, 164, 166, 167, 168, 171, 172, 173], "excluded_lines": []}, "detect_suspicious_patterns": {"executed_lines": [], "summary": {"covered_lines": 0, "num_statements": 21, "percent_covered": 0.0, "percent_covered_display": "0", "missing_lines": 21, "excluded_lines": 0, "percent_statements_covered": 0.0, "percent_statements_covered_display": "0"}, "missing_lines": [195, 196, 197, 199, 200, 202, 203, 206, 207, 208, 211, 212, 213, 216, 217, 218, 220, 230, 232, 233, 234], "excluded_lines": []}, "_detect_failed_logins": {"executed_lines": [], "summary": {"covered_lines": 0, "num_statements": 21, "percent_covered": 0.0, "percent_covered_display": "0", "missing_lines": 21, "excluded_lines": 0, "percent_statements_covered": 0.0, "percent_statements_covered_display": "0"}, "missing_lines": [245, 248, 257, 258, 259, 260, 261, 262, 265, 266, 267, 281, 282, 283, 284, 285, 286, 289, 290, 291, 304], "excluded_lines": []}, "_detect_unusual_access": {"executed_lines": [], "summary": {"covered_lines": 0, "num_statements": 23, "percent_covered": 0.0, "percent_covered_display": "0", "missing_lines": 23, "excluded_lines": 0, "percent_statements_covered": 0.0, "percent_statements_covered_display": "0"}, "missing_lines": [315, 318, 327, 328, 329, 330, 331, 334, 335, 336, 337, 351, 367, 368, 369, 370, 371, 374, 375, 376, 377, 378, 391], "excluded_lines": []}, "_detect_bulk_exports": {"executed_lines": [], "summary": {"covered_lines": 0, "num_statements": 11, "percent_covered": 0.0, "percent_covered_display": "0", "missing_lines": 11, "excluded_lines": 0, "percent_statements_covered": 0.0, "percent_statements_covered_display": "0"}, "missing_lines": [400, 403, 412, 413, 414, 415, 416, 419, 420, 421, 434], "excluded_lines": []}, "trigger_suspicious_pattern_alert": {"executed_lines": [], "summary": {"covered_lines": 0, "num_statements": 12, "percent_covered": 0.0, "percent_covered_display": "0", "missing_lines": 12, "excluded_lines": 0, "percent_statements_covered": 0.0, "percent_statements_covered_display": "0"}, "missing_lines": [456, 457, 458, 460, 461, 463, 464, 469, 471, 478, 479, 480], "excluded_lines": []}, "": {"executed_lines": [], "summary": {"covered_lines": 0, "num_statements": 28, "percent_covered": 0.0, "percent_covered_display": "0", "missing_lines": 28, "excluded_lines": 0, "percent_statements_covered": 0.0, "percent_statements_covered_display": "0"}, "missing_lines": [11, 12, 13, 14, 15, 16, 17, 18, 19, 20, 21, 23, 26, 36, 37, 38, 39, 178, 179, 180, 181, 239, 307, 394, 438, 439, 440, 441], "excluded_lines": []}}, "classes": {"": {"executed_lines": [], "summary": {"covered_lines": 0, "num_statements": 174, "percent_covered": 0.0, "percent_covered_display": "0", "missing_lines": 174, "excluded_lines": 0, "percent_statements_covered": 0.0, "percent_statements_covered_display": "0"}, "missing_lines": [11, 12, 13, 14, 15, 16, 17, 18, 19, 20, 21, 23, 26, 28, 32, 33, 36, 37, 38, 39, 61, 63, 64, 65, 66, 67, 68, 69, 70, 71, 74, 76, 77, 79, 80, 81, 82, 83, 87, 88, 89, 90, 91, 95, 96, 98, 99, 100, 101, 102, 107, 108, 109, 110, 111, 112, 113, 116, 117, 119, 121, 124, 125, 128, 136, 137, 138, 151, 164, 166, 167, 168, 171, 172, 173, 178, 179, 180, 181, 195, 196, 197, 199, 200, 202, 203, 206, 207, 208, 211, 212, 213, 216, 217, 218, 220, 230, 232, 233, 234, 239, 245, 248, 257, 258, 259, 260, 261, 262, 265, 266, 267, 281, 282, 283, 284, 285, 286, 289, 290, 291, 304, 307, 315, 318, 327, 328, 329, 330, 331, 334, 335, 336, 337, 351, 367, 368, 369, 370, 371, 374, 375, 376, 377, 378, 391, 394, 400, 403, 412, 413, 414, 415, 416, 419, 420, 421, 434, 438, 439, 440, 441, 456, 457, 458, 460, 461, 463, 464, 469, 471, 478, 479, 480], "excluded_lines": []}}}, "apps\\admin\\dashboard_service.py": {"executed_lines": [], "summary": {"covered_lines": 0, "num_statements": 174, "percent_covered": 0.0, "percent_covered_display": "0", "missing_lines": 174, "excluded_lines": 0, "percent_statements_covered": 0.0, "percent_statements_covered_display": "0"}, "missing_lines": [7, 8, 9, 10, 11, 14, 15, 19, 21, 24, 36, 38, 39, 53, 54, 55, 56, 58, 67, 68, 70, 71, 84, 85, 86, 87, 89, 90, 92, 100, 101, 103, 104, 120, 121, 122, 123, 125, 126, 128, 138, 139, 141, 142, 155, 156, 157, 158, 160, 161, 163, 171, 172, 176, 177, 179, 180, 181, 184, 185, 186, 187, 189, 190, 192, 193, 194, 195, 196, 197, 199, 200, 203, 210, 211, 214, 216, 217, 220, 222, 223, 225, 226, 228, 230, 233, 234, 236, 237, 240, 242, 243, 246, 248, 249, 252, 258, 259, 261, 262, 264, 265, 271, 272, 274, 280, 281, 283, 284, 286, 287, 289, 290, 295, 299, 300, 302, 303, 305, 306, 308, 309, 314, 318, 319, 321, 322, 325, 331, 332, 335, 341, 342, 344, 345, 347, 348, 349, 350, 352, 353, 355, 356, 358, 359, 363, 364, 366, 367, 369, 370, 372, 374, 375, 380, 381, 383, 384, 385, 386, 387, 389, 390, 391, 393, 394, 396, 397, 399, 400, 401, 405, 406, 407], "excluded_lines": [], "functions": {"AdminDashboardService.get_system_health": {"executed_lines": [], "summary": {"covered_lines": 0, "num_statements": 7, "percent_covered": 0.0, "percent_covered_display": "0", "missing_lines": 7, "excluded_lines": 0, "percent_statements_covered": 0.0, "percent_statements_covered_display": "0"}, "missing_lines": [53, 54, 55, 56, 58, 67, 68], "excluded_lines": []}, "AdminDashboardService.get_real_time_metrics": {"executed_lines": [], "summary": {"covered_lines": 0, "num_statements": 9, "percent_covered": 0.0, "percent_covered_display": "0", "missing_lines": 9, "excluded_lines": 0, "percent_statements_covered": 0.0, "percent_statements_covered_display": "0"}, "missing_lines": [84, 85, 86, 87, 89, 90, 92, 100, 101], "excluded_lines": []}, "AdminDashboardService.get_business_metrics": {"executed_lines": [], "summary": {"covered_lines": 0, "num_statements": 9, "percent_covered": 0.0, "percent_covered_display": "0", "missing_lines": 9, "excluded_lines": 0, "percent_statements_covered": 0.0, "percent_statements_covered_display": "0"}, "missing_lines": [120, 121, 122, 123, 125, 126, 128, 138, 139], "excluded_lines": []}, "AdminDashboardService.get_moderation_metrics": {"executed_lines": [], "summary": {"covered_lines": 0, "num_statements": 9, "percent_covered": 0.0, "percent_covered_display": "0", "missing_lines": 9, "excluded_lines": 0, "percent_statements_covered": 0.0, "percent_statements_covered_display": "0"}, "missing_lines": [155, 156, 157, 158, 160, 161, 163, 171, 172], "excluded_lines": []}, "AdminDashboardService._check_database_health": {"executed_lines": [], "summary": {"covered_lines": 0, "num_statements": 7, "percent_covered": 0.0, "percent_covered_display": "0", "missing_lines": 7, "excluded_lines": 0, "percent_statements_covered": 0.0, "percent_statements_covered_display": "0"}, "missing_lines": [179, 180, 181, 184, 185, 186, 187], "excluded_lines": []}, "AdminDashboardService._check_cache_health": {"executed_lines": [], "summary": {"covered_lines": 0, "num_statements": 6, "percent_covered": 0.0, "percent_covered_display": "0", "missing_lines": 6, "excluded_lines": 0, "percent_statements_covered": 0.0, "percent_statements_covered_display": "0"}, "missing_lines": [192, 193, 194, 195, 196, 197], "excluded_lines": []}, "AdminDashboardService._check_external_services": {"executed_lines": [], "summary": {"covered_lines": 0, "num_statements": 1, "percent_covered": 0.0, "percent_covered_display": "0", "missing_lines": 1, "excluded_lines": 0, "percent_statements_covered": 0.0, "percent_statements_covered_display": "0"}, "missing_lines": [203], "excluded_lines": []}, "AdminDashboardService._get_disk_usage": {"executed_lines": [], "summary": {"covered_lines": 0, "num_statements": 1, "percent_covered": 0.0, "percent_covered_display": "0", "missing_lines": 1, "excluded_lines": 0, "percent_statements_covered": 0.0, "percent_statements_covered_display": "0"}, "missing_lines": [214], "excluded_lines": []}, "AdminDashboardService._get_memory_usage": {"executed_lines": [], "summary": {"covered_lines": 0, "num_statements": 1, "percent_covered": 0.0, "percent_covered_display": "0", "missing_lines": 1, "excluded_lines": 0, "percent_statements_covered": 0.0, "percent_statements_covered_display": "0"}, "missing_lines": [220], "excluded_lines": []}, "AdminDashboardService._count_active_users": {"executed_lines": [], "summary": {"covered_lines": 0, "num_statements": 6, "percent_covered": 0.0, "percent_covered_display": "0", "missing_lines": 6, "excluded_lines": 0, "percent_statements_covered": 0.0, "percent_statements_covered_display": "0"}, "missing_lines": [225, 226, 228, 230, 233, 234], "excluded_lines": []}, "AdminDashboardService._calculate_request_rate": {"executed_lines": [], "summary": {"covered_lines": 0, "num_statements": 1, "percent_covered": 0.0, "percent_covered_display": "0", "missing_lines": 1, "excluded_lines": 0, "percent_statements_covered": 0.0, "percent_statements_covered_display": "0"}, "missing_lines": [240], "excluded_lines": []}, "AdminDashboardService._calculate_error_rate": {"executed_lines": [], "summary": {"covered_lines": 0, "num_statements": 1, "percent_covered": 0.0, "percent_covered_display": "0", "missing_lines": 1, "excluded_lines": 0, "percent_statements_covered": 0.0, "percent_statements_covered_display": "0"}, "missing_lines": [246], "excluded_lines": []}, "AdminDashboardService._get_response_times": {"executed_lines": [], "summary": {"covered_lines": 0, "num_statements": 1, "percent_covered": 0.0, "percent_covered_display": "0", "missing_lines": 1, "excluded_lines": 0, "percent_statements_covered": 0.0, "percent_statements_covered_display": "0"}, "missing_lines": [252], "excluded_lines": []}, "AdminDashboardService._get_signup_metrics": {"executed_lines": [], "summary": {"covered_lines": 0, "num_statements": 9, "percent_covered": 0.0, "percent_covered_display": "0", "missing_lines": 9, "excluded_lines": 0, "percent_statements_covered": 0.0, "percent_statements_covered_display": "0"}, "missing_lines": [261, 262, 264, 265, 271, 272, 274, 280, 281], "excluded_lines": []}, "AdminDashboardService._get_story_metrics": {"executed_lines": [], "summary": {"covered_lines": 0, "num_statements": 7, "percent_covered": 0.0, "percent_covered_display": "0", "missing_lines": 7, "excluded_lines": 0, "percent_statements_covered": 0.0, "percent_statements_covered_display": "0"}, "missing_lines": [286, 287, 289, 290, 295, 299, 300], "excluded_lines": []}, "AdminDashboardService._get_whisper_metrics": {"executed_lines": [], "summary": {"covered_lines": 0, "num_statements": 7, "percent_covered": 0.0, "percent_covered_display": "0", "missing_lines": 7, "excluded_lines": 0, "percent_statements_covered": 0.0, "percent_statements_covered_display": "0"}, "missing_lines": [305, 306, 308, 309, 314, 318, 319], "excluded_lines": []}, "AdminDashboardService._get_engagement_metrics": {"executed_lines": [], "summary": {"covered_lines": 0, "num_statements": 1, "percent_covered": 0.0, "percent_covered_display": "0", "missing_lines": 1, "excluded_lines": 0, "percent_statements_covered": 0.0, "percent_statements_covered_display": "0"}, "missing_lines": [325], "excluded_lines": []}, "AdminDashboardService._get_retention_metrics": {"executed_lines": [], "summary": {"covered_lines": 0, "num_statements": 1, "percent_covered": 0.0, "percent_covered_display": "0", "missing_lines": 1, "excluded_lines": 0, "percent_statements_covered": 0.0, "percent_statements_covered_display": "0"}, "missing_lines": [335], "excluded_lines": []}, "AdminDashboardService._count_pending_reports": {"executed_lines": [], "summary": {"covered_lines": 0, "num_statements": 6, "percent_covered": 0.0, "percent_covered_display": "0", "missing_lines": 6, "excluded_lines": 0, "percent_statements_covered": 0.0, "percent_statements_covered_display": "0"}, "missing_lines": [344, 345, 347, 348, 349, 350], "excluded_lines": []}, "AdminDashboardService._count_reports_resolved_today": {"executed_lines": [], "summary": {"covered_lines": 0, "num_statements": 6, "percent_covered": 0.0, "percent_covered_display": "0", "missing_lines": 6, "excluded_lines": 0, "percent_statements_covered": 0.0, "percent_statements_covered_display": "0"}, "missing_lines": [355, 356, 358, 359, 363, 364], "excluded_lines": []}, "AdminDashboardService._calculate_avg_resolution_time": {"executed_lines": [], "summary": {"covered_lines": 0, "num_statements": 15, "percent_covered": 0.0, "percent_covered_display": "0", "missing_lines": 15, "excluded_lines": 0, "percent_statements_covered": 0.0, "percent_statements_covered_display": "0"}, "missing_lines": [369, 370, 372, 374, 375, 380, 381, 383, 384, 385, 386, 387, 389, 390, 391], "excluded_lines": []}, "AdminDashboardService._get_moderation_actions_breakdown": {"executed_lines": [], "summary": {"covered_lines": 0, "num_statements": 8, "percent_covered": 0.0, "percent_covered_display": "0", "missing_lines": 8, "excluded_lines": 0, "percent_statements_covered": 0.0, "percent_statements_covered_display": "0"}, "missing_lines": [396, 397, 399, 400, 401, 405, 406, 407], "excluded_lines": []}, "": {"executed_lines": [], "summary": {"covered_lines": 0, "num_statements": 55, "percent_covered": 0.0, "percent_covered_display": "0", "missing_lines": 55, "excluded_lines": 0, "percent_statements_covered": 0.0, "percent_statements_covered_display": "0"}, "missing_lines": [7, 8, 9, 10, 11, 14, 15, 19, 21, 24, 36, 38, 39, 70, 71, 103, 104, 141, 142, 176, 177, 189, 190, 199, 200, 210, 211, 216, 217, 222, 223, 236, 237, 242, 243, 248, 249, 258, 259, 283, 284, 302, 303, 321, 322, 331, 332, 341, 342, 352, 353, 366, 367, 393, 394], "excluded_lines": []}}, "classes": {"AdminDashboardService": {"executed_lines": [], "summary": {"covered_lines": 0, "num_statements": 119, "percent_covered": 0.0, "percent_covered_display": "0", "missing_lines": 119, "excluded_lines": 0, "percent_statements_covered": 0.0, "percent_statements_covered_display": "0"}, "missing_lines": [53, 54, 55, 56, 58, 67, 68, 84, 85, 86, 87, 89, 90, 92, 100, 101, 120, 121, 122, 123, 125, 126, 128, 138, 139, 155, 156, 157, 158, 160, 161, 163, 171, 172, 179, 180, 181, 184, 185, 186, 187, 192, 193, 194, 195, 196, 197, 203, 214, 220, 225, 226, 228, 230, 233, 234, 240, 246, 252, 261, 262, 264, 265, 271, 272, 274, 280, 281, 286, 287, 289, 290, 295, 299, 300, 305, 306, 308, 309, 314, 318, 319, 325, 335, 344, 345, 347, 348, 349, 350, 355, 356, 358, 359, 363, 364, 369, 370, 372, 374, 375, 380, 381, 383, 384, 385, 386, 387, 389, 390, 391, 396, 397, 399, 400, 401, 405, 406, 407], "excluded_lines": []}, "": {"executed_lines": [], "summary": {"covered_lines": 0, "num_statements": 55, "percent_covered": 0.0, "percent_covered_display": "0", "missing_lines": 55, "excluded_lines": 0, "percent_statements_covered": 0.0, "percent_statements_covered_display": "0"}, "missing_lines": [7, 8, 9, 10, 11, 14, 15, 19, 21, 24, 36, 38, 39, 70, 71, 103, 104, 141, 142, 176, 177, 189, 190, 199, 200, 210, 211, 216, 217, 222, 223, 236, 237, 242, 243, 248, 249, 258, 259, 283, 284, 302, 303, 321, 322, 331, 332, 341, 342, 352, 353, 366, 367, 393, 394], "excluded_lines": []}}}, "apps\\admin\\permissions.py": {"executed_lines": [], "summary": {"covered_lines": 0, "num_statements": 11, "percent_covered": 0.0, "percent_covered_display": "0", "missing_lines": 11, "excluded_lines": 0, "percent_statements_covered": 0.0, "percent_statements_covered_display": "0"}, "missing_lines": [6, 9, 16, 27, 28, 33, 35, 36, 39, 40, 41], "excluded_lines": [], "functions": {"IsAdministrator.has_permission": {"executed_lines": [], "summary": {"covered_lines": 0, "num_statements": 8, "percent_covered": 0.0, "percent_covered_display": "0", "missing_lines": 8, "excluded_lines": 0, "percent_statements_covered": 0.0, "percent_statements_covered_display": "0"}, "missing_lines": [27, 28, 33, 35, 36, 39, 40, 41], "excluded_lines": []}, "": {"executed_lines": [], "summary": {"covered_lines": 0, "num_statements": 3, "percent_covered": 0.0, "percent_covered_display": "0", "missing_lines": 3, "excluded_lines": 0, "percent_statements_covered": 0.0, "percent_statements_covered_display": "0"}, "missing_lines": [6, 9, 16], "excluded_lines": []}}, "classes": {"IsAdministrator": {"executed_lines": [], "summary": {"covered_lines": 0, "num_statements": 8, "percent_covered": 0.0, "percent_covered_display": "0", "missing_lines": 8, "excluded_lines": 0, "percent_statements_covered": 0.0, "percent_statements_covered_display": "0"}, "missing_lines": [27, 28, 33, 35, 36, 39, 40, 41], "excluded_lines": []}, "": {"executed_lines": [], "summary": {"covered_lines": 0, "num_statements": 3, "percent_covered": 0.0, "percent_covered_display": "0", "missing_lines": 3, "excluded_lines": 0, "percent_statements_covered": 0.0, "percent_statements_covered_display": "0"}, "missing_lines": [6, 9, 16], "excluded_lines": []}}}, "apps\\admin\\urls.py": {"executed_lines": [], "summary": {"covered_lines": 0, "num_statements": 4, "percent_covered": 0.0, "percent_covered_display": "0", "missing_lines": 4, "excluded_lines": 0, "percent_statements_covered": 0.0, "percent_statements_covered_display": "0"}, "missing_lines": [6, 7, 15, 17], "excluded_lines": [], "functions": {"": {"executed_lines": [], "summary": {"covered_lines": 0, "num_statements": 4, "percent_covered": 0.0, "percent_covered_display": "0", "missing_lines": 4, "excluded_lines": 0, "percent_statements_covered": 0.0, "percent_statements_covered_display": "0"}, "missing_lines": [6, 7, 15, 17], "excluded_lines": []}}, "classes": {"": {"executed_lines": [], "summary": {"covered_lines": 0, "num_statements": 4, "percent_covered": 0.0, "percent_covered_display": "0", "missing_lines": 4, "excluded_lines": 0, "percent_statements_covered": 0.0, "percent_statements_covered_display": "0"}, "missing_lines": [6, 7, 15, 17], "excluded_lines": []}}}, "apps\\admin\\views.py": {"executed_lines": [], "summary": {"covered_lines": 0, "num_statements": 56, "percent_covered": 0.0, "percent_covered_display": "0", "missing_lines": 56, "excluded_lines": 0, "percent_statements_covered": 0.0, "percent_statements_covered_display": "0"}, "missing_lines": [7, 8, 9, 10, 11, 12, 14, 15, 18, 27, 29, 39, 40, 47, 48, 49, 55, 64, 66, 67, 77, 78, 79, 80, 81, 87, 96, 98, 112, 113, 116, 117, 122, 123, 124, 125, 129, 130, 136, 145, 147, 148, 159, 160, 161, 162, 163, 169, 178, 180, 181, 191, 192, 193, 194, 195], "excluded_lines": [], "functions": {"AdminDashboardView.get": {"executed_lines": [], "summary": {"covered_lines": 0, "num_statements": 5, "percent_covered": 0.0, "percent_covered_display": "0", "missing_lines": 5, "excluded_lines": 0, "percent_statements_covered": 0.0, "percent_statements_covered_display": "0"}, "missing_lines": [39, 40, 47, 48, 49], "excluded_lines": []}, "RealTimeMetricsView.get": {"executed_lines": [], "summary": {"covered_lines": 0, "num_statements": 5, "percent_covered": 0.0, "percent_covered_display": "0", "missing_lines": 5, "excluded_lines": 0, "percent_statements_covered": 0.0, "percent_statements_covered_display": "0"}, "missing_lines": [77, 78, 79, 80, 81], "excluded_lines": []}, "BusinessMetricsView.get": {"executed_lines": [], "summary": {"covered_lines": 0, "num_statements": 10, "percent_covered": 0.0, "percent_covered_display": "0", "missing_lines": 10, "excluded_lines": 0, "percent_statements_covered": 0.0, "percent_statements_covered_display": "0"}, "missing_lines": [112, 113, 116, 117, 122, 123, 124, 125, 129, 130], "excluded_lines": []}, "SystemHealthView.get": {"executed_lines": [], "summary": {"covered_lines": 0, "num_statements": 5, "percent_covered": 0.0, "percent_covered_display": "0", "missing_lines": 5, "excluded_lines": 0, "percent_statements_covered": 0.0, "percent_statements_covered_display": "0"}, "missing_lines": [159, 160, 161, 162, 163], "excluded_lines": []}, "ModerationMetricsView.get": {"executed_lines": [], "summary": {"covered_lines": 0, "num_statements": 5, "percent_covered": 0.0, "percent_covered_display": "0", "missing_lines": 5, "excluded_lines": 0, "percent_statements_covered": 0.0, "percent_statements_covered_display": "0"}, "missing_lines": [191, 192, 193, 194, 195], "excluded_lines": []}, "": {"executed_lines": [], "summary": {"covered_lines": 0, "num_statements": 26, "percent_covered": 0.0, "percent_covered_display": "0", "missing_lines": 26, "excluded_lines": 0, "percent_statements_covered": 0.0, "percent_statements_covered_display": "0"}, "missing_lines": [7, 8, 9, 10, 11, 12, 14, 15, 18, 27, 29, 55, 64, 66, 67, 87, 96, 98, 136, 145, 147, 148, 169, 178, 180, 181], "excluded_lines": []}}, "classes": {"AdminDashboardView": {"executed_lines": [], "summary": {"covered_lines": 0, "num_statements": 5, "percent_covered": 0.0, "percent_covered_display": "0", "missing_lines": 5, "excluded_lines": 0, "percent_statements_covered": 0.0, "percent_statements_covered_display": "0"}, "missing_lines": [39, 40, 47, 48, 49], "excluded_lines": []}, "RealTimeMetricsView": {"executed_lines": [], "summary": {"covered_lines": 0, "num_statements": 5, "percent_covered": 0.0, "percent_covered_display": "0", "missing_lines": 5, "excluded_lines": 0, "percent_statements_covered": 0.0, "percent_statements_covered_display": "0"}, "missing_lines": [77, 78, 79, 80, 81], "excluded_lines": []}, "BusinessMetricsView": {"executed_lines": [], "summary": {"covered_lines": 0, "num_statements": 10, "percent_covered": 0.0, "percent_covered_display": "0", "missing_lines": 10, "excluded_lines": 0, "percent_statements_covered": 0.0, "percent_statements_covered_display": "0"}, "missing_lines": [112, 113, 116, 117, 122, 123, 124, 125, 129, 130], "excluded_lines": []}, "SystemHealthView": {"executed_lines": [], "summary": {"covered_lines": 0, "num_statements": 5, "percent_covered": 0.0, "percent_covered_display": "0", "missing_lines": 5, "excluded_lines": 0, "percent_statements_covered": 0.0, "percent_statements_covered_display": "0"}, "missing_lines": [159, 160, 161, 162, 163], "excluded_lines": []}, "ModerationMetricsView": {"executed_lines": [], "summary": {"covered_lines": 0, "num_statements": 5, "percent_covered": 0.0, "percent_covered_display": "0", "missing_lines": 5, "excluded_lines": 0, "percent_statements_covered": 0.0, "percent_statements_covered_display": "0"}, "missing_lines": [191, 192, 193, 194, 195], "excluded_lines": []}, "": {"executed_lines": [], "summary": {"covered_lines": 0, "num_statements": 26, "percent_covered": 0.0, "percent_covered_display": "0", "missing_lines": 26, "excluded_lines": 0, "percent_statements_covered": 0.0, "percent_statements_covered_display": "0"}, "missing_lines": [7, 8, 9, 10, 11, 12, 14, 15, 18, 27, 29, 55, 64, 66, 67, 87, 96, 98, 136, 145, 147, 148, 169, 178, 180, 181], "excluded_lines": []}}}, "apps\\analytics\\__init__.py": {"executed_lines": [1], "summary": {"covered_lines": 0, "num_statements": 0, "percent_covered": 100.0, "percent_covered_display": "100", "missing_lines": 0, "excluded_lines": 0, "percent_statements_covered": 100.0, "percent_statements_covered_display": "100"}, "missing_lines": [], "excluded_lines": [], "functions": {"": {"executed_lines": [1], "summary": {"covered_lines": 0, "num_statements": 0, "percent_covered": 100.0, "percent_covered_display": "100", "missing_lines": 0, "excluded_lines": 0, "percent_statements_covered": 100.0, "percent_statements_covered_display": "100"}, "missing_lines": [], "excluded_lines": []}}, "classes": {"": {"executed_lines": [1], "summary": {"covered_lines": 0, "num_statements": 0, "percent_covered": 100.0, "percent_covered_display": "100", "missing_lines": 0, "excluded_lines": 0, "percent_statements_covered": 100.0, "percent_statements_covered_display": "100"}, "missing_lines": [], "excluded_lines": []}}}, "apps\\analytics\\analytics_service.py": {"executed_lines": [], "summary": {"covered_lines": 0, "num_statements": 198, "percent_covered": 0.0, "percent_covered_display": "0", "missing_lines": 198, "excluded_lines": 0, "percent_statements_covered": 0.0, "percent_statements_covered_display": "0"}, "missing_lines": [2, 3, 4, 5, 6, 7, 10, 13, 14, 24, 25, 27, 29, 34, 35, 36, 39, 50, 60, 63, 66, 67, 69, 70, 73, 75, 77, 90, 91, 93, 94, 95, 97, 98, 108, 109, 111, 113, 118, 119, 121, 126, 132, 137, 141, 152, 153, 155, 156, 157, 159, 160, 173, 174, 176, 178, 190, 212, 213, 215, 216, 217, 219, 220, 233, 234, 236, 238, 243, 247, 255, 256, 258, 259, 260, 262, 263, 277, 278, 280, 281, 284, 292, 304, 305, 307, 308, 309, 311, 312, 322, 323, 325, 327, 332, 333, 335, 340, 341, 342, 345, 347, 349, 356, 357, 359, 360, 361, 363, 364, 378, 379, 381, 382, 385, 394, 395, 396, 397, 400, 401, 402, 403, 405, 406, 407, 408, 410, 416, 418, 419, 421, 422, 423, 425, 426, 437, 438, 440, 442, 451, 452, 453, 454, 457, 460, 461, 462, 465, 469, 480, 481, 483, 484, 485, 487, 488, 498, 499, 501, 503, 506, 516, 517, 518, 519, 520, 522, 523, 524, 526, 527, 528, 531, 536, 537, 538, 539, 540, 542, 543, 545, 546, 548, 569, 570, 572, 573, 574, 576, 577, 591, 592, 594, 595, 596, 597, 599], "excluded_lines": [], "functions": {"AnalyticsService.get_story_metrics": {"executed_lines": [], "summary": {"covered_lines": 0, "num_statements": 23, "percent_covered": 0.0, "percent_covered_display": "0", "missing_lines": 23, "excluded_lines": 0, "percent_statements_covered": 0.0, "percent_statements_covered_display": "0"}, "missing_lines": [24, 25, 27, 29, 34, 35, 36, 39, 50, 60, 63, 66, 67, 69, 70, 73, 75, 77, 90, 91, 93, 94, 95], "excluded_lines": []}, "AnalyticsService.get_chapter_metrics": {"executed_lines": [], "summary": {"covered_lines": 0, "num_statements": 16, "percent_covered": 0.0, "percent_covered_display": "0", "missing_lines": 16, "excluded_lines": 0, "percent_statements_covered": 0.0, "percent_statements_covered_display": "0"}, "missing_lines": [108, 109, 111, 113, 118, 119, 121, 126, 132, 137, 141, 152, 153, 155, 156, 157], "excluded_lines": []}, "AnalyticsService.get_reader_demographics": {"executed_lines": [], "summary": {"covered_lines": 0, "num_statements": 10, "percent_covered": 0.0, "percent_covered_display": "0", "missing_lines": 10, "excluded_lines": 0, "percent_statements_covered": 0.0, "percent_statements_covered_display": "0"}, "missing_lines": [173, 174, 176, 178, 190, 212, 213, 215, 216, 217], "excluded_lines": []}, "AnalyticsService.get_traffic_sources": {"executed_lines": [], "summary": {"covered_lines": 0, "num_statements": 11, "percent_covered": 0.0, "percent_covered_display": "0", "missing_lines": 11, "excluded_lines": 0, "percent_statements_covered": 0.0, "percent_statements_covered_display": "0"}, "missing_lines": [233, 234, 236, 238, 243, 247, 255, 256, 258, 259, 260], "excluded_lines": []}, "AnalyticsService.get_engagement_trends": {"executed_lines": [], "summary": {"covered_lines": 0, "num_statements": 11, "percent_covered": 0.0, "percent_covered_display": "0", "missing_lines": 11, "excluded_lines": 0, "percent_statements_covered": 0.0, "percent_statements_covered_display": "0"}, "missing_lines": [277, 278, 280, 281, 284, 292, 304, 305, 307, 308, 309], "excluded_lines": []}, "AnalyticsService.get_reader_retention": {"executed_lines": [], "summary": {"covered_lines": 0, "num_statements": 18, "percent_covered": 0.0, "percent_covered_display": "0", "missing_lines": 18, "excluded_lines": 0, "percent_statements_covered": 0.0, "percent_statements_covered_display": "0"}, "missing_lines": [322, 323, 325, 327, 332, 333, 335, 340, 341, 342, 345, 347, 349, 356, 357, 359, 360, 361], "excluded_lines": []}, "AnalyticsService.get_follower_growth": {"executed_lines": [], "summary": {"covered_lines": 0, "num_statements": 24, "percent_covered": 0.0, "percent_covered_display": "0", "missing_lines": 24, "excluded_lines": 0, "percent_statements_covered": 0.0, "percent_statements_covered_display": "0"}, "missing_lines": [378, 379, 381, 382, 385, 394, 395, 396, 397, 400, 401, 402, 403, 405, 406, 407, 408, 410, 416, 418, 419, 421, 422, 423], "excluded_lines": []}, "AnalyticsService.get_author_dashboard": {"executed_lines": [], "summary": {"covered_lines": 0, "num_statements": 19, "percent_covered": 0.0, "percent_covered_display": "0", "missing_lines": 19, "excluded_lines": 0, "percent_statements_covered": 0.0, "percent_statements_covered_display": "0"}, "missing_lines": [437, 438, 440, 442, 451, 452, 453, 454, 457, 460, 461, 462, 465, 469, 480, 481, 483, 484, 485], "excluded_lines": []}, "AnalyticsService.get_comparative_metrics": {"executed_lines": [], "summary": {"covered_lines": 0, "num_statements": 32, "percent_covered": 0.0, "percent_covered_display": "0", "missing_lines": 32, "excluded_lines": 0, "percent_statements_covered": 0.0, "percent_statements_covered_display": "0"}, "missing_lines": [498, 499, 501, 503, 506, 516, 517, 518, 519, 520, 522, 523, 524, 526, 527, 528, 531, 536, 537, 538, 539, 540, 542, 543, 545, 546, 548, 569, 570, 572, 573, 574], "excluded_lines": []}, "AnalyticsService.export_to_csv": {"executed_lines": [], "summary": {"covered_lines": 0, "num_statements": 7, "percent_covered": 0.0, "percent_covered_display": "0", "missing_lines": 7, "excluded_lines": 0, "percent_statements_covered": 0.0, "percent_statements_covered_display": "0"}, "missing_lines": [591, 592, 594, 595, 596, 597, 599], "excluded_lines": []}, "": {"executed_lines": [], "summary": {"covered_lines": 0, "num_statements": 27, "percent_covered": 0.0, "percent_covered_display": "0", "missing_lines": 27, "excluded_lines": 0, "percent_statements_covered": 0.0, "percent_statements_covered_display": "0"}, "missing_lines": [2, 3, 4, 5, 6, 7, 10, 13, 14, 97, 98, 159, 160, 219, 220, 262, 263, 311, 312, 363, 364, 425, 426, 487, 488, 576, 577], "excluded_lines": []}}, "classes": {"AnalyticsService": {"executed_lines": [], "summary": {"covered_lines": 0, "num_statements": 171, "percent_covered": 0.0, "percent_covered_display": "0", "missing_lines": 171, "excluded_lines": 0, "percent_statements_covered": 0.0, "percent_statements_covered_display": "0"}, "missing_lines": [24, 25, 27, 29, 34, 35, 36, 39, 50, 60, 63, 66, 67, 69, 70, 73, 75, 77, 90, 91, 93, 94, 95, 108, 109, 111, 113, 118, 119, 121, 126, 132, 137, 141, 152, 153, 155, 156, 157, 173, 174, 176, 178, 190, 212, 213, 215, 216, 217, 233, 234, 236, 238, 243, 247, 255, 256, 258, 259, 260, 277, 278, 280, 281, 284, 292, 304, 305, 307, 308, 309, 322, 323, 325, 327, 332, 333, 335, 340, 341, 342, 345, 347, 349, 356, 357, 359, 360, 361, 378, 379, 381, 382, 385, 394, 395, 396, 397, 400, 401, 402, 403, 405, 406, 407, 408, 410, 416, 418, 419, 421, 422, 423, 437, 438, 440, 442, 451, 452, 453, 454, 457, 460, 461, 462, 465, 469, 480, 481, 483, 484, 485, 498, 499, 501, 503, 506, 516, 517, 518, 519, 520, 522, 523, 524, 526, 527, 528, 531, 536, 537, 538, 539, 540, 542, 543, 545, 546, 548, 569, 570, 572, 573, 574, 591, 592, 594, 595, 596, 597, 599], "excluded_lines": []}, "": {"executed_lines": [], "summary": {"covered_lines": 0, "num_statements": 27, "percent_covered": 0.0, "percent_covered_display": "0", "missing_lines": 27, "excluded_lines": 0, "percent_statements_covered": 0.0, "percent_statements_covered_display": "0"}, "missing_lines": [2, 3, 4, 5, 6, 7, 10, 13, 14, 97, 98, 159, 160, 219, 220, 262, 263, 311, 312, 363, 364, 425, 426, 487, 488, 576, 577], "excluded_lines": []}}}, "apps\\analytics\\apps.py": {"executed_lines": [1, 2, 5, 6, 7], "summary": {"covered_lines": 4, "num_statements": 4, "percent_covered": 100.0, "percent_covered_display": "100", "missing_lines": 0, "excluded_lines": 0, "percent_statements_covered": 100.0, "percent_statements_covered_display": "100"}, "missing_lines": [], "excluded_lines": [], "functions": {"": {"executed_lines": [1, 2, 5, 6, 7], "summary": {"covered_lines": 4, "num_statements": 4, "percent_covered": 100.0, "percent_covered_display": "100", "missing_lines": 0, "excluded_lines": 0, "percent_statements_covered": 100.0, "percent_statements_covered_display": "100"}, "missing_lines": [], "excluded_lines": []}}, "classes": {"AnalyticsConfig": {"executed_lines": [], "summary": {"covered_lines": 0, "num_statements": 0, "percent_covered": 100.0, "percent_covered_display": "100", "missing_lines": 0, "excluded_lines": 0, "percent_statements_covered": 100.0, "percent_statements_covered_display": "100"}, "missing_lines": [], "excluded_lines": []}, "": {"executed_lines": [1, 2, 5, 6, 7], "summary": {"covered_lines": 4, "num_statements": 4, "percent_covered": 100.0, "percent_covered_display": "100", "missing_lines": 0, "excluded_lines": 0, "percent_statements_covered": 100.0, "percent_statements_covered_display": "100"}, "missing_lines": [], "excluded_lines": []}}}, "apps\\analytics\\urls.py": {"executed_lines": [], "summary": {"covered_lines": 0, "num_statements": 3, "percent_covered": 0.0, "percent_covered_display": "0", "missing_lines": 3, "excluded_lines": 0, "percent_statements_covered": 0.0, "percent_statements_covered_display": "0"}, "missing_lines": [2, 3, 5], "excluded_lines": [], "functions": {"": {"executed_lines": [], "summary": {"covered_lines": 0, "num_statements": 3, "percent_covered": 0.0, "percent_covered_display": "0", "missing_lines": 3, "excluded_lines": 0, "percent_statements_covered": 0.0, "percent_statements_covered_display": "0"}, "missing_lines": [2, 3, 5], "excluded_lines": []}}, "classes": {"": {"executed_lines": [], "summary": {"covered_lines": 0, "num_statements": 3, "percent_covered": 0.0, "percent_covered_display": "0", "missing_lines": 3, "excluded_lines": 0, "percent_statements_covered": 0.0, "percent_statements_covered_display": "0"}, "missing_lines": [2, 3, 5], "excluded_lines": []}}}, "apps\\analytics\\views.py": {"executed_lines": [], "summary": {"covered_lines": 0, "num_statements": 103, "percent_covered": 0.0, "percent_covered_display": "0", "missing_lines": 103, "excluded_lines": 0, "percent_statements_covered": 0.0, "percent_statements_covered_display": "0"}, "missing_lines": [2, 3, 4, 5, 6, 7, 8, 11, 12, 13, 23, 24, 30, 31, 32, 34, 35, 43, 44, 45, 50, 51, 52, 53, 56, 58, 61, 62, 63, 80, 81, 87, 88, 89, 91, 92, 96, 97, 98, 103, 104, 105, 110, 111, 112, 113, 116, 117, 120, 122, 123, 125, 126, 128, 129, 131, 132, 133, 135, 136, 138, 139, 141, 142, 147, 150, 151, 152, 162, 163, 168, 170, 175, 178, 179, 180, 190, 191, 197, 198, 199, 201, 202, 206, 207, 208, 213, 214, 215, 216, 219, 222, 223, 224, 225, 226, 227, 228, 230, 236, 239, 240, 242], "excluded_lines": [], "functions": {"author_dashboard": {"executed_lines": [], "summary": {"covered_lines": 0, "num_statements": 16, "percent_covered": 0.0, "percent_covered_display": "0", "missing_lines": 16, "excluded_lines": 0, "percent_statements_covered": 0.0, "percent_statements_covered_display": "0"}, "missing_lines": [23, 24, 30, 31, 32, 34, 35, 43, 44, 45, 50, 51, 52, 53, 56, 58], "excluded_lines": []}, "story_analytics": {"executed_lines": [], "summary": {"covered_lines": 0, "num_statements": 36, "percent_covered": 0.0, "percent_covered_display": "0", "missing_lines": 36, "excluded_lines": 0, "percent_statements_covered": 0.0, "percent_statements_covered_display": "0"}, "missing_lines": [80, 81, 87, 88, 89, 91, 92, 96, 97, 98, 103, 104, 105, 110, 111, 112, 113, 116, 117, 120, 122, 123, 125, 126, 128, 129, 131, 132, 133, 135, 136, 138, 139, 141, 142, 147], "excluded_lines": []}, "follower_growth": {"executed_lines": [], "summary": {"covered_lines": 0, "num_statements": 5, "percent_covered": 0.0, "percent_covered_display": "0", "missing_lines": 5, "excluded_lines": 0, "percent_statements_covered": 0.0, "percent_statements_covered_display": "0"}, "missing_lines": [162, 163, 168, 170, 175], "excluded_lines": []}, "export_analytics": {"executed_lines": [], "summary": {"covered_lines": 0, "num_statements": 27, "percent_covered": 0.0, "percent_covered_display": "0", "missing_lines": 27, "excluded_lines": 0, "percent_statements_covered": 0.0, "percent_statements_covered_display": "0"}, "missing_lines": [190, 191, 197, 198, 199, 201, 202, 206, 207, 208, 213, 214, 215, 216, 219, 222, 223, 224, 225, 226, 227, 228, 230, 236, 239, 240, 242], "excluded_lines": []}, "": {"executed_lines": [], "summary": {"covered_lines": 0, "num_statements": 19, "percent_covered": 0.0, "percent_covered_display": "0", "missing_lines": 19, "excluded_lines": 0, "percent_statements_covered": 0.0, "percent_statements_covered_display": "0"}, "missing_lines": [2, 3, 4, 5, 6, 7, 8, 11, 12, 13, 61, 62, 63, 150, 151, 152, 178, 179, 180], "excluded_lines": []}}, "classes": {"": {"executed_lines": [], "summary": {"covered_lines": 0, "num_statements": 103, "percent_covered": 0.0, "percent_covered_display": "0", "missing_lines": 103, "excluded_lines": 0, "percent_statements_covered": 0.0, "percent_statements_covered_display": "0"}, "missing_lines": [2, 3, 4, 5, 6, 7, 8, 11, 12, 13, 23, 24, 30, 31, 32, 34, 35, 43, 44, 45, 50, 51, 52, 53, 56, 58, 61, 62, 63, 80, 81, 87, 88, 89, 91, 92, 96, 97, 98, 103, 104, 105, 110, 111, 112, 113, 116, 117, 120, 122, 123, 125, 126, 128, 129, 131, 132, 133, 135, 136, 138, 139, 141, 142, 147, 150, 151, 152, 162, 163, 168, 170, 175, 178, 179, 180, 190, 191, 197, 198, 199, 201, 202, 206, 207, 208, 213, 214, 215, 216, 219, 222, 223, 224, 225, 226, 227, 228, 230, 236, 239, 240, 242], "excluded_lines": []}}}, "apps\\backup\\__init__.py": {"executed_lines": [], "summary": {"covered_lines": 0, "num_statements": 0, "percent_covered": 100.0, "percent_covered_display": "100", "missing_lines": 0, "excluded_lines": 0, "percent_statements_covered": 100.0, "percent_statements_covered_display": "100"}, "missing_lines": [], "excluded_lines": [], "functions": {"": {"executed_lines": [], "summary": {"covered_lines": 0, "num_statements": 0, "percent_covered": 100.0, "percent_covered_display": "100", "missing_lines": 0, "excluded_lines": 0, "percent_statements_covered": 100.0, "percent_statements_covered_display": "100"}, "missing_lines": [], "excluded_lines": []}}, "classes": {"": {"executed_lines": [], "summary": {"covered_lines": 0, "num_statements": 0, "percent_covered": 100.0, "percent_covered_display": "100", "missing_lines": 0, "excluded_lines": 0, "percent_statements_covered": 100.0, "percent_statements_covered_display": "100"}, "missing_lines": [], "excluded_lines": []}}}, "apps\\backup\\apps.py": {"executed_lines": [], "summary": {"covered_lines": 0, "num_statements": 5, "percent_covered": 0.0, "percent_covered_display": "0", "missing_lines": 5, "excluded_lines": 0, "percent_statements_covered": 0.0, "percent_statements_covered_display": "0"}, "missing_lines": [4, 7, 8, 9, 10], "excluded_lines": [], "functions": {"": {"executed_lines": [], "summary": {"covered_lines": 0, "num_statements": 5, "percent_covered": 0.0, "percent_covered_display": "0", "missing_lines": 5, "excluded_lines": 0, "percent_statements_covered": 0.0, "percent_statements_covered_display": "0"}, "missing_lines": [4, 7, 8, 9, 10], "excluded_lines": []}}, "classes": {"BackupConfig": {"executed_lines": [], "summary": {"covered_lines": 0, "num_statements": 0, "percent_covered": 100.0, "percent_covered_display": "100", "missing_lines": 0, "excluded_lines": 0, "percent_statements_covered": 100.0, "percent_statements_covered_display": "100"}, "missing_lines": [], "excluded_lines": []}, "": {"executed_lines": [], "summary": {"covered_lines": 0, "num_statements": 5, "percent_covered": 0.0, "percent_covered_display": "0", "missing_lines": 5, "excluded_lines": 0, "percent_statements_covered": 0.0, "percent_statements_covered_display": "0"}, "missing_lines": [4, 7, 8, 9, 10], "excluded_lines": []}}}, "apps\\backup\\backup_service.py": {"executed_lines": [], "summary": {"covered_lines": 0, "num_statements": 122, "percent_covered": 0.0, "percent_covered_display": "0", "missing_lines": 122, "excluded_lines": 0, "percent_statements_covered": 0.0, "percent_statements_covered_display": "0"}, "missing_lines": [7, 8, 9, 10, 11, 12, 13, 15, 18, 35, 36, 39, 40, 42, 44, 45, 46, 48, 64, 65, 67, 70, 81, 84, 86, 96, 98, 99, 101, 102, 103, 105, 121, 122, 125, 129, 130, 131, 139, 140, 143, 149, 158, 160, 161, 163, 166, 168, 170, 171, 172, 179, 180, 182, 197, 198, 201, 206, 209, 211, 212, 213, 215, 216, 217, 218, 221, 223, 224, 227, 228, 231, 232, 233, 234, 236, 243, 244, 246, 247, 248, 250, 259, 260, 265, 271, 278, 279, 281, 282, 283, 285, 305, 317, 319, 320, 322, 325, 327, 333, 334, 337, 345, 346, 347, 350, 357, 358, 363, 365, 368, 370, 373, 375, 377, 380, 386, 388, 390, 397, 398, 399], "excluded_lines": [], "functions": {"BackupService.__init__": {"executed_lines": [], "summary": {"covered_lines": 0, "num_statements": 3, "percent_covered": 0.0, "percent_covered_display": "0", "missing_lines": 3, "excluded_lines": 0, "percent_statements_covered": 0.0, "percent_statements_covered_display": "0"}, "missing_lines": [44, 45, 46], "excluded_lines": []}, "BackupService.create_database_backup": {"executed_lines": [], "summary": {"covered_lines": 0, "num_statements": 13, "percent_covered": 0.0, "percent_covered_display": "0", "missing_lines": 13, "excluded_lines": 0, "percent_statements_covered": 0.0, "percent_statements_covered_display": "0"}, "missing_lines": [64, 65, 67, 70, 81, 84, 86, 96, 98, 99, 101, 102, 103], "excluded_lines": []}, "BackupService.verify_backup": {"executed_lines": [], "summary": {"covered_lines": 0, "num_statements": 21, "percent_covered": 0.0, "percent_covered_display": "0", "missing_lines": 21, "excluded_lines": 0, "percent_statements_covered": 0.0, "percent_statements_covered_display": "0"}, "missing_lines": [121, 122, 125, 129, 130, 131, 139, 140, 143, 149, 158, 160, 161, 163, 166, 168, 170, 171, 172, 179, 180], "excluded_lines": []}, "BackupService.cleanup_old_backups": {"executed_lines": [], "summary": {"covered_lines": 0, "num_statements": 27, "percent_covered": 0.0, "percent_covered_display": "0", "missing_lines": 27, "excluded_lines": 0, "percent_statements_covered": 0.0, "percent_statements_covered_display": "0"}, "missing_lines": [197, 198, 201, 206, 209, 211, 212, 213, 215, 216, 217, 218, 221, 223, 224, 227, 228, 231, 232, 233, 234, 236, 243, 244, 246, 247, 248], "excluded_lines": []}, "BackupService.backup_redis_data": {"executed_lines": [], "summary": {"covered_lines": 0, "num_statements": 9, "percent_covered": 0.0, "percent_covered_display": "0", "missing_lines": 9, "excluded_lines": 0, "percent_statements_covered": 0.0, "percent_statements_covered_display": "0"}, "missing_lines": [259, 260, 265, 271, 278, 279, 281, 282, 283], "excluded_lines": []}, "BackupService.get_backup_metrics": {"executed_lines": [], "summary": {"covered_lines": 0, "num_statements": 1, "percent_covered": 0.0, "percent_covered_display": "0", "missing_lines": 1, "excluded_lines": 0, "percent_statements_covered": 0.0, "percent_statements_covered_display": "0"}, "missing_lines": [305], "excluded_lines": []}, "BackupService._generate_snapshot_id": {"executed_lines": [], "summary": {"covered_lines": 0, "num_statements": 2, "percent_covered": 0.0, "percent_covered_display": "0", "missing_lines": 2, "excluded_lines": 0, "percent_statements_covered": 0.0, "percent_statements_covered_display": "0"}, "missing_lines": [319, 320], "excluded_lines": []}, "BackupService._get_retention_type": {"executed_lines": [], "summary": {"covered_lines": 0, "num_statements": 1, "percent_covered": 0.0, "percent_covered_display": "0", "missing_lines": 1, "excluded_lines": 0, "percent_statements_covered": 0.0, "percent_statements_covered_display": "0"}, "missing_lines": [325], "excluded_lines": []}, "BackupService._copy_snapshot_to_backup_region": {"executed_lines": [], "summary": {"covered_lines": 0, "num_statements": 6, "percent_covered": 0.0, "percent_covered_display": "0", "missing_lines": 6, "excluded_lines": 0, "percent_statements_covered": 0.0, "percent_statements_covered_display": "0"}, "missing_lines": [333, 334, 337, 345, 346, 347], "excluded_lines": []}, "BackupService._should_retain_backup": {"executed_lines": [], "summary": {"covered_lines": 0, "num_statements": 5, "percent_covered": 0.0, "percent_covered_display": "0", "missing_lines": 5, "excluded_lines": 0, "percent_statements_covered": 0.0, "percent_statements_covered_display": "0"}, "missing_lines": [357, 358, 363, 365, 368], "excluded_lines": []}, "BackupService._track_backup_metrics": {"executed_lines": [], "summary": {"covered_lines": 0, "num_statements": 1, "percent_covered": 0.0, "percent_covered_display": "0", "missing_lines": 1, "excluded_lines": 0, "percent_statements_covered": 0.0, "percent_statements_covered_display": "0"}, "missing_lines": [373], "excluded_lines": []}, "BackupService._log_verification_result": {"executed_lines": [], "summary": {"covered_lines": 0, "num_statements": 1, "percent_covered": 0.0, "percent_covered_display": "0", "missing_lines": 1, "excluded_lines": 0, "percent_statements_covered": 0.0, "percent_statements_covered_display": "0"}, "missing_lines": [377], "excluded_lines": []}, "BackupService._send_verification_failure_alert": {"executed_lines": [], "summary": {"covered_lines": 0, "num_statements": 6, "percent_covered": 0.0, "percent_covered_display": "0", "missing_lines": 6, "excluded_lines": 0, "percent_statements_covered": 0.0, "percent_statements_covered_display": "0"}, "missing_lines": [386, 388, 390, 397, 398, 399], "excluded_lines": []}, "": {"executed_lines": [], "summary": {"covered_lines": 0, "num_statements": 26, "percent_covered": 0.0, "percent_covered_display": "0", "missing_lines": 26, "excluded_lines": 0, "percent_statements_covered": 0.0, "percent_statements_covered_display": "0"}, "missing_lines": [7, 8, 9, 10, 11, 12, 13, 15, 18, 35, 36, 39, 40, 42, 48, 105, 182, 250, 285, 317, 322, 327, 350, 370, 375, 380], "excluded_lines": []}}, "classes": {"BackupService": {"executed_lines": [], "summary": {"covered_lines": 0, "num_statements": 96, "percent_covered": 0.0, "percent_covered_display": "0", "missing_lines": 96, "excluded_lines": 0, "percent_statements_covered": 0.0, "percent_statements_covered_display": "0"}, "missing_lines": [44, 45, 46, 64, 65, 67, 70, 81, 84, 86, 96, 98, 99, 101, 102, 103, 121, 122, 125, 129, 130, 131, 139, 140, 143, 149, 158, 160, 161, 163, 166, 168, 170, 171, 172, 179, 180, 197, 198, 201, 206, 209, 211, 212, 213, 215, 216, 217, 218, 221, 223, 224, 227, 228, 231, 232, 233, 234, 236, 243, 244, 246, 247, 248, 259, 260, 265, 271, 278, 279, 281, 282, 283, 305, 319, 320, 325, 333, 334, 337, 345, 346, 347, 357, 358, 363, 365, 368, 373, 377, 386, 388, 390, 397, 398, 399], "excluded_lines": []}, "": {"executed_lines": [], "summary": {"covered_lines": 0, "num_statements": 26, "percent_covered": 0.0, "percent_covered_display": "0", "missing_lines": 26, "excluded_lines": 0, "percent_statements_covered": 0.0, "percent_statements_covered_display": "0"}, "missing_lines": [7, 8, 9, 10, 11, 12, 13, 15, 18, 35, 36, 39, 40, 42, 48, 105, 182, 250, 285, 317, 322, 327, 350, 370, 375, 380], "excluded_lines": []}}}, "apps\\backup\\disaster_recovery_service.py": {"executed_lines": [], "summary": {"covered_lines": 0, "num_statements": 133, "percent_covered": 0.0, "percent_covered_display": "0", "missing_lines": 133, "excluded_lines": 0, "percent_statements_covered": 0.0, "percent_statements_covered_display": "0"}, "missing_lines": [7, 8, 9, 10, 11, 12, 14, 17, 28, 29, 31, 33, 34, 36, 56, 57, 60, 74, 76, 86, 89, 91, 93, 94, 95, 97, 112, 114, 115, 117, 118, 120, 123, 132, 134, 141, 142, 144, 145, 146, 148, 164, 165, 167, 170, 174, 175, 177, 178, 180, 181, 184, 186, 189, 193, 195, 197, 207, 210, 213, 215, 217, 218, 219, 221, 233, 234, 238, 239, 241, 242, 244, 245, 247, 248, 252, 253, 254, 256, 264, 265, 267, 275, 276, 277, 279, 294, 295, 297, 310, 311, 313, 315, 317, 325, 326, 328, 329, 330, 332, 341, 342, 344, 350, 358, 365, 372, 378, 379, 381, 384, 386, 388, 389, 390, 397, 401, 403, 405, 406, 408, 414, 415, 417, 419, 420, 422, 428, 429, 431, 434, 437, 440], "excluded_lines": [], "functions": {"DisasterRecoveryService.__init__": {"executed_lines": [], "summary": {"covered_lines": 0, "num_statements": 2, "percent_covered": 0.0, "percent_covered_display": "0", "missing_lines": 2, "excluded_lines": 0, "percent_statements_covered": 0.0, "percent_statements_covered_display": "0"}, "missing_lines": [33, 34], "excluded_lines": []}, "DisasterRecoveryService.restore_from_backup": {"executed_lines": [], "summary": {"covered_lines": 0, "num_statements": 11, "percent_covered": 0.0, "percent_covered_display": "0", "missing_lines": 11, "excluded_lines": 0, "percent_statements_covered": 0.0, "percent_statements_covered_display": "0"}, "missing_lines": [56, 57, 60, 74, 76, 86, 89, 91, 93, 94, 95], "excluded_lines": []}, "DisasterRecoveryService.restore_point_in_time": {"executed_lines": [], "summary": {"covered_lines": 0, "num_statements": 14, "percent_covered": 0.0, "percent_covered_display": "0", "missing_lines": 14, "excluded_lines": 0, "percent_statements_covered": 0.0, "percent_statements_covered_display": "0"}, "missing_lines": [112, 114, 115, 117, 118, 120, 123, 132, 134, 141, 142, 144, 145, 146], "excluded_lines": []}, "DisasterRecoveryService.failover_to_replica": {"executed_lines": [], "summary": {"covered_lines": 0, "num_statements": 23, "percent_covered": 0.0, "percent_covered_display": "0", "missing_lines": 23, "excluded_lines": 0, "percent_statements_covered": 0.0, "percent_statements_covered_display": "0"}, "missing_lines": [164, 165, 167, 170, 174, 175, 177, 178, 180, 181, 184, 186, 189, 193, 195, 197, 207, 210, 213, 215, 217, 218, 219], "excluded_lines": []}, "DisasterRecoveryService.check_replica_health": {"executed_lines": [], "summary": {"covered_lines": 0, "num_statements": 20, "percent_covered": 0.0, "percent_covered_display": "0", "missing_lines": 20, "excluded_lines": 0, "percent_statements_covered": 0.0, "percent_statements_covered_display": "0"}, "missing_lines": [233, 234, 238, 239, 241, 242, 244, 245, 247, 248, 252, 253, 254, 256, 264, 265, 267, 275, 276, 277], "excluded_lines": []}, "DisasterRecoveryService.create_read_replica": {"executed_lines": [], "summary": {"covered_lines": 0, "num_statements": 13, "percent_covered": 0.0, "percent_covered_display": "0", "missing_lines": 13, "excluded_lines": 0, "percent_statements_covered": 0.0, "percent_statements_covered_display": "0"}, "missing_lines": [294, 295, 297, 310, 311, 313, 315, 317, 325, 326, 328, 329, 330], "excluded_lines": []}, "DisasterRecoveryService.test_disaster_recovery": {"executed_lines": [], "summary": {"covered_lines": 0, "num_statements": 15, "percent_covered": 0.0, "percent_covered_display": "0", "missing_lines": 15, "excluded_lines": 0, "percent_statements_covered": 0.0, "percent_statements_covered_display": "0"}, "missing_lines": [341, 342, 344, 350, 358, 365, 372, 378, 379, 381, 384, 386, 388, 389, 390], "excluded_lines": []}, "DisasterRecoveryService._get_replication_lag": {"executed_lines": [], "summary": {"covered_lines": 0, "num_statements": 1, "percent_covered": 0.0, "percent_covered_display": "0", "missing_lines": 1, "excluded_lines": 0, "percent_statements_covered": 0.0, "percent_statements_covered_display": "0"}, "missing_lines": [401], "excluded_lines": []}, "DisasterRecoveryService._send_restoration_notification": {"executed_lines": [], "summary": {"covered_lines": 0, "num_statements": 5, "percent_covered": 0.0, "percent_covered_display": "0", "missing_lines": 5, "excluded_lines": 0, "percent_statements_covered": 0.0, "percent_statements_covered_display": "0"}, "missing_lines": [405, 406, 408, 414, 415], "excluded_lines": []}, "DisasterRecoveryService._send_failover_notification": {"executed_lines": [], "summary": {"covered_lines": 0, "num_statements": 5, "percent_covered": 0.0, "percent_covered_display": "0", "missing_lines": 5, "excluded_lines": 0, "percent_statements_covered": 0.0, "percent_statements_covered_display": "0"}, "missing_lines": [419, 420, 422, 428, 429], "excluded_lines": []}, "DisasterRecoveryService._update_database_endpoint": {"executed_lines": [], "summary": {"covered_lines": 0, "num_statements": 1, "percent_covered": 0.0, "percent_covered_display": "0", "missing_lines": 1, "excluded_lines": 0, "percent_statements_covered": 0.0, "percent_statements_covered_display": "0"}, "missing_lines": [434], "excluded_lines": []}, "DisasterRecoveryService._document_dr_test": {"executed_lines": [], "summary": {"covered_lines": 0, "num_statements": 1, "percent_covered": 0.0, "percent_covered_display": "0", "missing_lines": 1, "excluded_lines": 0, "percent_statements_covered": 0.0, "percent_statements_covered_display": "0"}, "missing_lines": [440], "excluded_lines": []}, "": {"executed_lines": [], "summary": {"covered_lines": 0, "num_statements": 22, "percent_covered": 0.0, "percent_covered_display": "0", "missing_lines": 22, "excluded_lines": 0, "percent_statements_covered": 0.0, "percent_statements_covered_display": "0"}, "missing_lines": [7, 8, 9, 10, 11, 12, 14, 17, 28, 29, 31, 36, 97, 148, 221, 279, 332, 397, 403, 417, 431, 437], "excluded_lines": []}}, "classes": {"DisasterRecoveryService": {"executed_lines": [], "summary": {"covered_lines": 0, "num_statements": 111, "percent_covered": 0.0, "percent_covered_display": "0", "missing_lines": 111, "excluded_lines": 0, "percent_statements_covered": 0.0, "percent_statements_covered_display": "0"}, "missing_lines": [33, 34, 56, 57, 60, 74, 76, 86, 89, 91, 93, 94, 95, 112, 114, 115, 117, 118, 120, 123, 132, 134, 141, 142, 144, 145, 146, 164, 165, 167, 170, 174, 175, 177, 178, 180, 181, 184, 186, 189, 193, 195, 197, 207, 210, 213, 215, 217, 218, 219, 233, 234, 238, 239, 241, 242, 244, 245, 247, 248, 252, 253, 254, 256, 264, 265, 267, 275, 276, 277, 294, 295, 297, 310, 311, 313, 315, 317, 325, 326, 328, 329, 330, 341, 342, 344, 350, 358, 365, 372, 378, 379, 381, 384, 386, 388, 389, 390, 401, 405, 406, 408, 414, 415, 419, 420, 422, 428, 429, 434, 440], "excluded_lines": []}, "": {"executed_lines": [], "summary": {"covered_lines": 0, "num_statements": 22, "percent_covered": 0.0, "percent_covered_display": "0", "missing_lines": 22, "excluded_lines": 0, "percent_statements_covered": 0.0, "percent_statements_covered_display": "0"}, "missing_lines": [7, 8, 9, 10, 11, 12, 14, 17, 28, 29, 31, 36, 97, 148, 221, 279, 332, 397, 403, 417, 431, 437], "excluded_lines": []}}}, "apps\\backup\\tasks.py": {"executed_lines": [], "summary": {"covered_lines": 0, "num_statements": 67, "percent_covered": 0.0, "percent_covered_display": "0", "missing_lines": 67, "excluded_lines": 0, "percent_statements_covered": 0.0, "percent_statements_covered_display": "0"}, "missing_lines": [7, 8, 9, 11, 13, 16, 17, 29, 30, 31, 33, 35, 36, 38, 41, 46, 52, 53, 56, 59, 60, 72, 73, 75, 76, 78, 79, 81, 83, 89, 90, 93, 96, 97, 109, 110, 111, 113, 115, 116, 118, 120, 126, 127, 128, 134, 135, 144, 145, 147, 148, 150, 152, 157, 158, 159, 165, 166, 175, 176, 182, 188, 190, 195, 196, 197, 204], "excluded_lines": [], "functions": {"perform_database_backup": {"executed_lines": [], "summary": {"covered_lines": 0, "num_statements": 12, "percent_covered": 0.0, "percent_covered_display": "0", "missing_lines": 12, "excluded_lines": 0, "percent_statements_covered": 0.0, "percent_statements_covered_display": "0"}, "missing_lines": [29, 30, 31, 33, 35, 36, 38, 41, 46, 52, 53, 56], "excluded_lines": []}, "verify_backup": {"executed_lines": [], "summary": {"covered_lines": 0, "num_statements": 11, "percent_covered": 0.0, "percent_covered_display": "0", "missing_lines": 11, "excluded_lines": 0, "percent_statements_covered": 0.0, "percent_statements_covered_display": "0"}, "missing_lines": [72, 73, 75, 76, 78, 79, 81, 83, 89, 90, 93], "excluded_lines": []}, "cleanup_old_backups": {"executed_lines": [], "summary": {"covered_lines": 0, "num_statements": 11, "percent_covered": 0.0, "percent_covered_display": "0", "missing_lines": 11, "excluded_lines": 0, "percent_statements_covered": 0.0, "percent_statements_covered_display": "0"}, "missing_lines": [109, 110, 111, 113, 115, 116, 118, 120, 126, 127, 128], "excluded_lines": []}, "backup_redis_data": {"executed_lines": [], "summary": {"covered_lines": 0, "num_statements": 9, "percent_covered": 0.0, "percent_covered_display": "0", "missing_lines": 9, "excluded_lines": 0, "percent_statements_covered": 0.0, "percent_statements_covered_display": "0"}, "missing_lines": [144, 145, 147, 148, 150, 152, 157, 158, 159], "excluded_lines": []}, "weekly_backup_verification": {"executed_lines": [], "summary": {"covered_lines": 0, "num_statements": 8, "percent_covered": 0.0, "percent_covered_display": "0", "missing_lines": 8, "excluded_lines": 0, "percent_statements_covered": 0.0, "percent_statements_covered_display": "0"}, "missing_lines": [175, 176, 182, 188, 190, 195, 196, 197], "excluded_lines": []}, "": {"executed_lines": [], "summary": {"covered_lines": 0, "num_statements": 16, "percent_covered": 0.0, "percent_covered_display": "0", "missing_lines": 16, "excluded_lines": 0, "percent_statements_covered": 0.0, "percent_statements_covered_display": "0"}, "missing_lines": [7, 8, 9, 11, 13, 16, 17, 59, 60, 96, 97, 134, 135, 165, 166, 204], "excluded_lines": []}}, "classes": {"": {"executed_lines": [], "summary": {"covered_lines": 0, "num_statements": 67, "percent_covered": 0.0, "percent_covered_display": "0", "missing_lines": 67, "excluded_lines": 0, "percent_statements_covered": 0.0, "percent_statements_covered_display": "0"}, "missing_lines": [7, 8, 9, 11, 13, 16, 17, 29, 30, 31, 33, 35, 36, 38, 41, 46, 52, 53, 56, 59, 60, 72, 73, 75, 76, 78, 79, 81, 83, 89, 90, 93, 96, 97, 109, 110, 111, 113, 115, 116, 118, 120, 126, 127, 128, 134, 135, 144, 145, 147, 148, 150, 152, 157, 158, 159, 165, 166, 175, 176, 182, 188, 190, 195, 196, 197, 204], "excluded_lines": []}}}, "apps\\core\\__init__.py": {"executed_lines": [1], "summary": {"covered_lines": 0, "num_statements": 0, "percent_covered": 100.0, "percent_covered_display": "100", "missing_lines": 0, "excluded_lines": 0, "percent_statements_covered": 100.0, "percent_statements_covered_display": "100"}, "missing_lines": [], "excluded_lines": [], "functions": {"": {"executed_lines": [1], "summary": {"covered_lines": 0, "num_statements": 0, "percent_covered": 100.0, "percent_covered_display": "100", "missing_lines": 0, "excluded_lines": 0, "percent_statements_covered": 100.0, "percent_statements_covered_display": "100"}, "missing_lines": [], "excluded_lines": []}}, "classes": {"": {"executed_lines": [1], "summary": {"covered_lines": 0, "num_statements": 0, "percent_covered": 100.0, "percent_covered_display": "100", "missing_lines": 0, "excluded_lines": 0, "percent_statements_covered": 100.0, "percent_statements_covered_display": "100"}, "missing_lines": [], "excluded_lines": []}}}, "apps\\core\\api_key_auth.py": {"executed_lines": [], "summary": {"covered_lines": 0, "num_statements": 91, "percent_covered": 0.0, "percent_covered_display": "0", "missing_lines": 91, "excluded_lines": 0, "percent_statements_covered": 0.0, "percent_statements_covered_display": "0"}, "missing_lines": [10, 11, 12, 13, 14, 15, 16, 17, 18, 21, 24, 25, 32, 34, 35, 45, 47, 48, 70, 72, 73, 75, 77, 78, 81, 84, 87, 98, 100, 102, 103, 116, 117, 119, 121, 122, 123, 126, 127, 130, 138, 140, 142, 143, 156, 157, 159, 160, 165, 166, 168, 170, 172, 173, 183, 184, 186, 187, 190, 198, 200, 205, 207, 209, 210, 221, 222, 224, 225, 226, 227, 229, 234, 236, 239, 257, 259, 272, 274, 276, 279, 280, 281, 282, 283, 285, 286, 291, 297, 299, 309], "excluded_lines": [], "functions": {"APIKeyService.generate_api_key": {"executed_lines": [], "summary": {"covered_lines": 0, "num_statements": 1, "percent_covered": 0.0, "percent_covered_display": "0", "missing_lines": 1,
[...]
ay": "0", "missing_lines": 3, "excluded_lines": 0, "percent_statements_covered": 0.0, "percent_statements_covered_display": "0"}, "missing_lines": [233, 234, 235], "excluded_lines": []}, "SlackNotifier.send_error_notification": {"executed_lines": [], "summary": {"covered_lines": 0, "num_statements": 17, "percent_covered": 0.0, "percent_covered_display": "0", "missing_lines": 17, "excluded_lines": 0, "percent_statements_covered": 0.0, "percent_statements_covered_display": "0"}, "missing_lines": [256, 257, 259, 260, 263, 264, 265, 267, 268, 271, 299, 300, 309, 315, 317, 319, 320], "excluded_lines": []}, "": {"executed_lines": [], "summary": {"covered_lines": 0, "num_statements": 23, "percent_covered": 0.0, "percent_covered_display": "0", "missing_lines": 23, "excluded_lines": 0, "percent_statements_covered": 0.0, "percent_statements_covered_display": "0"}, "missing_lines": [14, 15, 18, 27, 28, 31, 32, 35, 36, 37, 41, 100, 112, 119, 120, 168, 169, 196, 197, 225, 232, 237, 324], "excluded_lines": []}}, "classes": {"SentryAlertConfig": {"executed_lines": [], "summary": {"covered_lines": 0, "num_statements": 21, "percent_covered": 0.0, "percent_covered_display": "0", "missing_lines": 21, "excluded_lines": 0, "percent_statements_covered": 0.0, "percent_statements_covered_display": "0"}, "missing_lines": [127, 130, 131, 152, 153, 166, 176, 179, 180, 187, 188, 194, 209, 210, 211, 214, 215, 216, 219, 220, 222], "excluded_lines": []}, "SlackNotifier": {"executed_lines": [], "summary": {"covered_lines": 0, "num_statements": 20, "percent_covered": 0.0, "percent_covered_display": "0", "missing_lines": 20, "excluded_lines": 0, "percent_statements_covered": 0.0, "percent_statements_covered_display": "0"}, "missing_lines": [233, 234, 235, 256, 257, 259, 260, 263, 264, 265, 267, 268, 271, 299, 300, 309, 315, 317, 319, 320], "excluded_lines": []}, "": {"executed_lines": [], "summary": {"covered_lines": 0, "num_statements": 23, "percent_covered": 0.0, "percent_covered_display": "0", "missing_lines": 23, "excluded_lines": 0, "percent_statements_covered": 0.0, "percent_statements_covered_display": "0"}, "missing_lines": [14, 15, 18, 27, 28, 31, 32, 35, 36, 37, 41, 100, 112, 119, 120, 168, 169, 196, 197, 225, 232, 237, 324], "excluded_lines": []}}}, "infrastructure\\sentry_config.py": {"executed_lines": [], "summary": {"covered_lines": 0, "num_statements": 75, "percent_covered": 0.0, "percent_covered_display": "0", "missing_lines": 75, "excluded_lines": 0, "percent_statements_covered": 0.0, "percent_statements_covered_display": "0"}, "missing_lines": [14, 15, 16, 17, 18, 21, 42, 43, 45, 46, 47, 48, 51, 52, 54, 55, 56, 57, 60, 61, 62, 63, 66, 67, 68, 71, 73, 82, 84, 85, 86, 87, 89, 92, 106, 108, 109, 110, 111, 113, 116, 132, 135, 136, 139, 140, 141, 142, 144, 188, 195, 196, 205, 207, 210, 211, 212, 214, 216, 217, 226, 228, 231, 232, 233, 235, 237, 238, 247, 253, 254, 262, 264, 265, 273], "excluded_lines": [], "functions": {"scrub_sensitive_data": {"executed_lines": [], "summary": {"covered_lines": 0, "num_statements": 27, "percent_covered": 0.0, "percent_covered_display": "0", "missing_lines": 27, "excluded_lines": 0, "percent_statements_covered": 0.0, "percent_statements_covered_display": "0"}, "missing_lines": [42, 43, 45, 46, 47, 48, 51, 52, 54, 55, 56, 57, 60, 61, 62, 63, 66, 67, 68, 71, 73, 82, 84, 85, 86, 87, 89], "excluded_lines": []}, "scrub_breadcrumb_data": {"executed_lines": [], "summary": {"covered_lines": 0, "num_statements": 6, "percent_covered": 0.0, "percent_covered_display": "0", "missing_lines": 6, "excluded_lines": 0, "percent_statements_covered": 0.0, "percent_statements_covered_display": "0"}, "missing_lines": [106, 108, 109, 110, 111, 113], "excluded_lines": []}, "init_sentry": {"executed_lines": [], "summary": {"covered_lines": 0, "num_statements": 8, "percent_covered": 0.0, "percent_covered_display": "0", "missing_lines": 8, "excluded_lines": 0, "percent_statements_covered": 0.0, "percent_statements_covered_display": "0"}, "missing_lines": [132, 135, 136, 139, 140, 141, 142, 144], "excluded_lines": []}, "ErrorTracker.capture_exception": {"executed_lines": [], "summary": {"covered_lines": 0, "num_statements": 6, "percent_covered": 0.0, "percent_covered_display": "0", "missing_lines": 6, "excluded_lines": 0, "percent_statements_covered": 0.0, "percent_statements_covered_display": "0"}, "missing_lines": [205, 207, 210, 211, 212, 214], "excluded_lines": []}, "ErrorTracker.capture_message": {"executed_lines": [], "summary": {"covered_lines": 0, "num_statements": 6, "percent_covered": 0.0, "percent_covered_display": "0", "missing_lines": 6, "excluded_lines": 0, "percent_statements_covered": 0.0, "percent_statements_covered_display": "0"}, "missing_lines": [226, 228, 231, 232, 233, 235], "excluded_lines": []}, "ErrorTracker.set_user": {"executed_lines": [], "summary": {"covered_lines": 0, "num_statements": 1, "percent_covered": 0.0, "percent_covered_display": "0", "missing_lines": 1, "excluded_lines": 0, "percent_statements_covered": 0.0, "percent_statements_covered_display": "0"}, "missing_lines": [247], "excluded_lines": []}, "ErrorTracker.set_tag": {"executed_lines": [], "summary": {"covered_lines": 0, "num_statements": 1, "percent_covered": 0.0, "percent_covered_display": "0", "missing_lines": 1, "excluded_lines": 0, "percent_statements_covered": 0.0, "percent_statements_covered_display": "0"}, "missing_lines": [262], "excluded_lines": []}, "ErrorTracker.set_context": {"executed_lines": [], "summary": {"covered_lines": 0, "num_statements": 1, "percent_covered": 0.0, "percent_covered_display": "0", "missing_lines": 1, "excluded_lines": 0, "percent_statements_covered": 0.0, "percent_statements_covered_display": "0"}, "missing_lines": [273], "excluded_lines": []}, "": {"executed_lines": [], "summary": {"covered_lines": 0, "num_statements": 19, "percent_covered": 0.0, "percent_covered_display": "0", "missing_lines": 19, "excluded_lines": 0, "percent_statements_covered": 0.0, "percent_statements_covered_display": "0"}, "missing_lines": [14, 15, 16, 17, 18, 21, 92, 116, 188, 195, 196, 216, 217, 237, 238, 253, 254, 264, 265], "excluded_lines": []}}, "classes": {"ErrorTracker": {"executed_lines": [], "summary": {"covered_lines": 0, "num_statements": 15, "percent_covered": 0.0, "percent_covered_display": "0", "missing_lines": 15, "excluded_lines": 0, "percent_statements_covered": 0.0, "percent_statements_covered_display": "0"}, "missing_lines": [205, 207, 210, 211, 212, 214, 226, 228, 231, 232, 233, 235, 247, 262, 273], "excluded_lines": []}, "": {"executed_lines": [], "summary": {"covered_lines": 0, "num_statements": 60, "percent_covered": 0.0, "percent_covered_display": "0", "missing_lines": 60, "excluded_lines": 0, "percent_statements_covered": 0.0, "percent_statements_covered_display": "0"}, "missing_lines": [14, 15, 16, 17, 18, 21, 42, 43, 45, 46, 47, 48, 51, 52, 54, 55, 56, 57, 60, 61, 62, 63, 66, 67, 68, 71, 73, 82, 84, 85, 86, 87, 89, 92, 106, 108, 109, 110, 111, 113, 116, 132, 135, 136, 139, 140, 141, 142, 144, 188, 195, 196, 216, 217, 237, 238, 253, 254, 264, 265], "excluded_lines": []}}}, "infrastructure\\timeout_middleware.py": {"executed_lines": [], "summary": {"covered_lines": 0, "num_statements": 33, "percent_covered": 0.0, "percent_covered_display": "0", "missing_lines": 33, "excluded_lines": 0, "percent_statements_covered": 0.0, "percent_statements_covered_display": "0"}, "missing_lines": [10, 11, 12, 13, 15, 18, 36, 41, 42, 43, 44, 46, 48, 49, 52, 53, 55, 56, 57, 59, 61, 65, 66, 68, 78, 79, 80, 81, 83, 89, 91, 102, 112], "excluded_lines": [], "functions": {"TimeoutMiddleware.__init__": {"executed_lines": [], "summary": {"covered_lines": 0, "num_statements": 3, "percent_covered": 0.0, "percent_covered_display": "0", "missing_lines": 3, "excluded_lines": 0, "percent_statements_covered": 0.0, "percent_statements_covered_display": "0"}, "missing_lines": [42, 43, 44], "excluded_lines": []}, "TimeoutMiddleware.__call__": {"executed_lines": [], "summary": {"covered_lines": 0, "num_statements": 11, "percent_covered": 0.0, "percent_covered_display": "0", "missing_lines": 11, "excluded_lines": 0, "percent_statements_covered": 0.0, "percent_statements_covered_display": "0"}, "missing_lines": [48, 49, 52, 53, 55, 56, 57, 59, 61, 65, 66], "excluded_lines": []}, "TimeoutMiddleware.should_skip_timeout": {"executed_lines": [], "summary": {"covered_lines": 0, "num_statements": 4, "percent_covered": 0.0, "percent_covered_display": "0", "missing_lines": 4, "excluded_lines": 0, "percent_statements_covered": 0.0, "percent_statements_covered_display": "0"}, "missing_lines": [78, 79, 80, 81], "excluded_lines": []}, "TimeoutMiddleware.timeout_handler": {"executed_lines": [], "summary": {"covered_lines": 0, "num_statements": 1, "percent_covered": 0.0, "percent_covered_display": "0", "missing_lines": 1, "excluded_lines": 0, "percent_statements_covered": 0.0, "percent_statements_covered_display": "0"}, "missing_lines": [89], "excluded_lines": []}, "TimeoutMiddleware.handle_timeout": {"executed_lines": [], "summary": {"covered_lines": 0, "num_statements": 2, "percent_covered": 0.0, "percent_covered_display": "0", "missing_lines": 2, "excluded_lines": 0, "percent_statements_covered": 0.0, "percent_statements_covered_display": "0"}, "missing_lines": [102, 112], "excluded_lines": []}, "": {"executed_lines": [], "summary": {"covered_lines": 0, "num_statements": 12, "percent_covered": 0.0, "percent_covered_display": "0", "missing_lines": 12, "excluded_lines": 0, "percent_statements_covered": 0.0, "percent_statements_covered_display": "0"}, "missing_lines": [10, 11, 12, 13, 15, 18, 36, 41, 46, 68, 83, 91], "excluded_lines": []}}, "classes": {"TimeoutMiddleware": {"executed_lines": [], "summary": {"covered_lines": 0, "num_statements": 21, "percent_covered": 0.0, "percent_covered_display": "0", "missing_lines": 21, "excluded_lines": 0, "percent_statements_covered": 0.0, "percent_statements_covered_display": "0"}, "missing_lines": [42, 43, 44, 48, 49, 52, 53, 55, 56, 57, 59, 61, 65, 66, 78, 79, 80, 81, 89, 102, 112], "excluded_lines": []}, "": {"executed_lines": [], "summary": {"covered_lines": 0, "num_statements": 12, "percent_covered": 0.0, "percent_covered_display": "0", "missing_lines": 12, "excluded_lines": 0, "percent_statements_covered": 0.0, "percent_statements_covered_display": "0"}, "missing_lines": [10, 11, 12, 13, 15, 18, 36, 41, 46, 68, 83, 91], "excluded_lines": []}}}, "infrastructure\\urls.py": {"executed_lines": [], "summary": {"covered_lines": 0, "num_statements": 4, "percent_covered": 0.0, "percent_covered_display": "0", "missing_lines": 4, "excluded_lines": 0, "percent_statements_covered": 0.0, "percent_statements_covered_display": "0"}, "missing_lines": [5, 6, 11, 18], "excluded_lines": [], "functions": {"": {"executed_lines": [], "summary": {"covered_lines": 0, "num_statements": 4, "percent_covered": 0.0, "percent_covered_display": "0", "missing_lines": 4, "excluded_lines": 0, "percent_statements_covered": 0.0, "percent_statements_covered_display": "0"}, "missing_lines": [5, 6, 11, 18], "excluded_lines": []}}, "classes": {"": {"executed_lines": [], "summary": {"covered_lines": 0, "num_statements": 4, "percent_covered": 0.0, "percent_covered_display": "0", "missing_lines": 4, "excluded_lines": 0, "percent_statements_covered": 0.0, "percent_statements_covered_display": "0"}, "missing_lines": [5, 6, 11, 18], "excluded_lines": []}}}, "infrastructure\\workload_isolator.py": {"executed_lines": [1, 8, 9, 10, 11, 13, 16, 19, 20, 21, 22, 23, 24, 25, 28, 29, 30, 31, 32, 33, 34, 37, 38, 50, 61, 69, 102, 168, 196, 229, 263, 275, 287, 330, 340], "summary": {"covered_lines": 31, "num_statements": 113, "percent_covered": 27.43362831858407, "percent_covered_display": "27", "missing_lines": 82, "excluded_lines": 0, "percent_statements_covered": 27.43362831858407, "percent_statements_covered_display": "27"}, "missing_lines": [87, 88, 89, 90, 91, 94, 95, 97, 118, 119, 122, 123, 131, 132, 140, 142, 144, 145, 153, 161, 178, 179, 180, 181, 182, 183, 184, 186, 189, 190, 191, 193, 194, 212, 213, 216, 217, 221, 224, 225, 227, 240, 243, 244, 245, 246, 247, 248, 249, 250, 252, 255, 256, 257, 260, 261, 273, 285, 294, 296, 298, 299, 300, 303, 304, 306, 307, 309, 310, 312, 317, 318, 319, 322, 323, 328, 337, 338, 347, 348, 349, 358], "excluded_lines": [], "functions": {"WorkloadIsolator.__init__": {"executed_lines": [], "summary": {"covered_lines": 0, "num_statements": 8, "percent_covered": 0.0, "percent_covered_display": "0", "missing_lines": 8, "excluded_lines": 0, "percent_statements_covered": 0.0, "percent_statements_covered_display": "0"}, "missing_lines": [87, 88, 89, 90, 91, 94, 95, 97], "excluded_lines": []}, "WorkloadIsolator.route_query": {"executed_lines": [], "summary": {"covered_lines": 0, "num_statements": 12, "percent_covered": 0.0, "percent_covered_display": "0", "missing_lines": 12, "excluded_lines": 0, "percent_statements_covered": 0.0, "percent_statements_covered_display": "0"}, "missing_lines": [118, 119, 122, 123, 131, 132, 140, 142, 144, 145, 153, 161], "excluded_lines": []}, "WorkloadIsolator.check_replica_lag": {"executed_lines": [], "summary": {"covered_lines": 0, "num_statements": 13, "percent_covered": 0.0, "percent_covered_display": "0", "missing_lines": 13, "excluded_lines": 0, "percent_statements_covered": 0.0, "percent_statements_covered_display": "0"}, "missing_lines": [178, 179, 180, 181, 182, 183, 184, 186, 189, 190, 191, 193, 194], "excluded_lines": []}, "WorkloadIsolator.should_route_to_primary": {"executed_lines": [], "summary": {"covered_lines": 0, "num_statements": 8, "percent_covered": 0.0, "percent_covered_display": "0", "missing_lines": 8, "excluded_lines": 0, "percent_statements_covered": 0.0, "percent_statements_covered_display": "0"}, "missing_lines": [212, 213, 216, 217, 221, 224, 225, 227], "excluded_lines": []}, "WorkloadIsolator._detect_query_type": {"executed_lines": [], "summary": {"covered_lines": 0, "num_statements": 15, "percent_covered": 0.0, "percent_covered_display": "0", "missing_lines": 15, "excluded_lines": 0, "percent_statements_covered": 0.0, "percent_statements_covered_display": "0"}, "missing_lines": [240, 243, 244, 245, 246, 247, 248, 249, 250, 252, 255, 256, 257, 260, 261], "excluded_lines": []}, "WorkloadIsolator._is_write_operation": {"executed_lines": [], "summary": {"covered_lines": 0, "num_statements": 1, "percent_covered": 0.0, "percent_covered_display": "0", "missing_lines": 1, "excluded_lines": 0, "percent_statements_covered": 0.0, "percent_statements_covered_display": "0"}, "missing_lines": [273], "excluded_lines": []}, "WorkloadIsolator._is_read_operation": {"executed_lines": [], "summary": {"covered_lines": 0, "num_statements": 1, "percent_covered": 0.0, "percent_covered_display": "0", "missing_lines": 1, "excluded_lines": 0, "percent_statements_covered": 0.0, "percent_statements_covered_display": "0"}, "missing_lines": [285], "excluded_lines": []}, "WorkloadIsolator._select_healthy_replica": {"executed_lines": [], "summary": {"covered_lines": 0, "num_statements": 18, "percent_covered": 0.0, "percent_covered_display": "0", "missing_lines": 18, "excluded_lines": 0, "percent_statements_covered": 0.0, "percent_statements_covered_display": "0"}, "missing_lines": [294, 296, 298, 299, 300, 303, 304, 306, 307, 309, 310, 312, 317, 318, 319, 322, 323, 328], "excluded_lines": []}, "WorkloadIsolator.update_replica_info": {"executed_lines": [], "summary": {"covered_lines": 0, "num_statements": 2, "percent_covered": 0.0, "percent_covered_display": "0", "missing_lines": 2, "excluded_lines": 0, "percent_statements_covered": 0.0, "percent_statements_covered_display": "0"}, "missing_lines": [337, 338], "excluded_lines": []}, "WorkloadIsolator.get_replica_status": {"executed_lines": [], "summary": {"covered_lines": 0, "num_statements": 4, "percent_covered": 0.0, "percent_covered_display": "0", "missing_lines": 4, "excluded_lines": 0, "percent_statements_covered": 0.0, "percent_statements_covered_display": "0"}, "missing_lines": [347, 348, 349, 358], "excluded_lines": []}, "": {"executed_lines": [1, 8, 9, 10, 11, 13, 16, 19, 20, 21, 22, 23, 24, 25, 28, 29, 30, 31, 32, 33, 34, 37, 38, 50, 61, 69, 102, 168, 196, 229, 263, 275, 287, 330, 340], "summary": {"covered_lines": 31, "num_statements": 31, "percent_covered": 100.0, "percent_covered_display": "100", "missing_lines": 0, "excluded_lines": 0, "percent_statements_covered": 100.0, "percent_statements_covered_display": "100"}, "missing_lines": [], "excluded_lines": []}}, "classes": {"Query": {"executed_lines": [], "summary": {"covered_lines": 0, "num_statements": 0, "percent_covered": 100.0, "percent_covered_display": "100", "missing_lines": 0, "excluded_lines": 0, "percent_statements_covered": 100.0, "percent_statements_covered_display": "100"}, "missing_lines": [], "excluded_lines": []}, "DatabaseTarget": {"executed_lines": [], "summary": {"covered_lines": 0, "num_statements": 0, "percent_covered": 100.0, "percent_covered_display": "100", "missing_lines": 0, "excluded_lines": 0, "percent_statements_covered": 100.0, "percent_statements_covered_display": "100"}, "missing_lines": [], "excluded_lines": []}, "WorkloadIsolator": {"executed_lines": [], "summary": {"covered_lines": 0, "num_statements": 82, "percent_covered": 0.0, "percent_covered_display": "0", "missing_lines": 82, "excluded_lines": 0, "percent_statements_covered": 0.0, "percent_statements_covered_display": "0"}, "missing_lines": [87, 88, 89, 90, 91, 94, 95, 97, 118, 119, 122, 123, 131, 132, 140, 142, 144, 145, 153, 161, 178, 179, 180, 181, 182, 183, 184, 186, 189, 190, 191, 193, 194, 212, 213, 216, 217, 221, 224, 225, 227, 240, 243, 244, 245, 246, 247, 248, 249, 250, 252, 255, 256, 257, 260, 261, 273, 285, 294, 296, 298, 299, 300, 303, 304, 306, 307, 309, 310, 312, 317, 318, 319, 322, 323, 328, 337, 338, 347, 348, 349, 358], "excluded_lines": []}, "": {"executed_lines": [1, 8, 9, 10, 11, 13, 16, 19, 20, 21, 22, 23, 24, 25, 28, 29, 30, 31, 32, 33, 34, 37, 38, 50, 61, 69, 102, 168, 196, 229, 263, 275, 287, 330, 340], "summary": {"covered_lines": 31, "num_statements": 31, "percent_covered": 100.0, "percent_covered_display": "100", "missing_lines": 0, "excluded_lines": 0, "percent_statements_covered": 100.0, "percent_statements_covered_display": "100"}, "missing_lines": [], "excluded_lines": []}}}, "manage.py": {"executed_lines": [], "summary": {"covered_lines": 0, "num_statements": 11, "percent_covered": 0.0, "percent_covered_display": "0", "missing_lines": 11, "excluded_lines": 0, "percent_statements_covered": 0.0, "percent_statements_covered_display": "0"}, "missing_lines": [3, 4, 7, 9, 10, 11, 12, 13, 18, 21, 22], "excluded_lines": [], "functions": {"main": {"executed_lines": [], "summary": {"covered_lines": 0, "num_statements": 6, "percent_covered": 0.0, "percent_covered_display": "0", "missing_lines": 6, "excluded_lines": 0, "percent_statements_covered": 0.0, "percent_statements_covered_display": "0"}, "missing_lines": [9, 10, 11, 12, 13, 18], "excluded_lines": []}, "": {"executed_lines": [], "summary": {"covered_lines": 0, "num_statements": 5, "percent_covered": 0.0, "percent_covered_display": "0", "missing_lines": 5, "excluded_lines": 0, "percent_statements_covered": 0.0, "percent_statements_covered_display": "0"}, "missing_lines": [3, 4, 7, 21, 22], "excluded_lines": []}}, "classes": {"": {"executed_lines": [], "summary": {"covered_lines": 0, "num_statements": 11, "percent_covered": 0.0, "percent_covered_display": "0", "missing_lines": 11, "excluded_lines": 0, "percent_statements_covered": 0.0, "percent_statements_covered_display": "0"}, "missing_lines": [3, 4, 7, 9, 10, 11, 12, 13, 18, 21, 22], "excluded_lines": []}}}}, "totals": {"covered_lines": 703, "num_statements": 15546, "percent_covered": 4.522063553325614, "percent_covered_display": "5", "missing_lines": 14843, "excluded_lines": 6, "percent_statements_covered": 4.522063553325614, "percent_statements_covered_display": "5"}}